{"C:\\Users\\USER\\Desktop\\Github\\Fluxora-Backend\\src\\app.ts": {"path":"C:\\Users\\USER\\Desktop\\Github\\Fluxora-Backend\\src\\app.ts","statementMap":{"0":{"start":{"line":23,"column":22},"end":{"line":23,"column":31}},"1":{"start":{"line":26,"column":2},"end":{"line":31,"column":5}},"2":{"start":{"line":27,"column":4},"end":{"line":27,"column":55}},"3":{"start":{"line":28,"column":4},"end":{"line":28,"column":45}},"4":{"start":{"line":29,"column":4},"end":{"line":29,"column":43}},"5":{"start":{"line":30,"column":4},"end":{"line":30,"column":11}},"6":{"start":{"line":33,"column":23},"end":{"line":33,"column":62}},"7":{"start":{"line":34,"column":2},"end":{"line":34,"column":57}},"8":{"start":{"line":35,"column":2},"end":{"line":35,"column":39}},"9":{"start":{"line":36,"column":2},"end":{"line":36,"column":43}},"10":{"start":{"line":37,"column":2},"end":{"line":37,"column":43}},"11":{"start":{"line":39,"column":2},"end":{"line":39,"column":43}},"12":{"start":{"line":40,"column":2},"end":{"line":40,"column":124}},"13":{"start":{"line":42,"column":2},"end":{"line":48,"column":5}},"14":{"start":{"line":43,"column":4},"end":{"line":47,"column":7}},"15":{"start":{"line":50,"column":2},"end":{"line":54,"column":3}},"16":{"start":{"line":51,"column":4},"end":{"line":53,"column":7}},"17":{"start":{"line":52,"column":6},"end":{"line":52,"column":43}},"18":{"start":{"line":56,"column":2},"end":{"line":56,"column":35}},"19":{"start":{"line":57,"column":2},"end":{"line":57,"column":32}},"20":{"start":{"line":59,"column":2},"end":{"line":59,"column":21}},"21":{"start":{"line":62,"column":19},"end":{"line":62,"column":30}}},"fnMap":{"0":{"name":"createApp","decl":{"start":{"line":22,"column":16},"end":{"line":22,"column":25}},"loc":{"start":{"line":22,"column":50},"end":{"line":60,"column":1}}},"1":{"name":"(anonymous_1)","decl":{"start":{"line":26,"column":18},"end":{"line":26,"column":19}},"loc":{"start":{"line":26,"column":57},"end":{"line":31,"column":3}}},"2":{"name":"(anonymous_2)","decl":{"start":{"line":42,"column":23},"end":{"line":42,"column":24}},"loc":{"start":{"line":42,"column":56},"end":{"line":48,"column":3}}},"3":{"name":"(anonymous_3)","decl":{"start":{"line":51,"column":37},"end":{"line":51,"column":40}},"loc":{"start":{"line":51,"column":42},"end":{"line":53,"column":5}}}},"branchMap":{"0":{"loc":{"start":{"line":22,"column":26},"end":{"line":22,"column":50}},"type":"default-arg","locations":[{"start":{"line":22,"column":48},"end":{"line":22,"column":50}}]},"1":{"loc":{"start":{"line":33,"column":23},"end":{"line":33,"column":62}},"type":"binary-expr","locations":[{"start":{"line":33,"column":23},"end":{"line":33,"column":48}},{"start":{"line":33,"column":52},"end":{"line":33,"column":62}}]},"2":{"loc":{"start":{"line":50,"column":2},"end":{"line":54,"column":3}},"type":"if","locations":[{"start":{"line":50,"column":2},"end":{"line":54,"column":3}}]}},"s":{"0":4,"1":4,"2":13,"3":13,"4":13,"5":13,"6":4,"7":4,"8":4,"9":4,"10":4,"11":4,"12":4,"13":4,"14":1,"15":4,"16":1,"17":1,"18":4,"19":4,"20":4,"21":2},"f":{"0":4,"1":13,"2":1,"3":1},"b":{"0":[2],"1":[4,3],"2":[1]}}
,"C:\\Users\\USER\\Desktop\\Github\\Fluxora-Backend\\src\\errors.ts": {"path":"C:\\Users\\USER\\Desktop\\Github\\Fluxora-Backend\\src\\errors.ts","statementMap":{"0":{"start":{"line":18,"column":4},"end":{"line":18,"column":19}},"1":{"start":{"line":19,"column":4},"end":{"line":19,"column":25}},"2":{"start":{"line":20,"column":4},"end":{"line":20,"column":21}},"3":{"start":{"line":21,"column":4},"end":{"line":21,"column":27}},"4":{"start":{"line":22,"column":4},"end":{"line":22,"column":25}},"5":{"start":{"line":27,"column":20},"end":{"line":27,"column":62}},"6":{"start":{"line":28,"column":2},"end":{"line":28,"column":38}},"7":{"start":{"line":29,"column":2},"end":{"line":29,"column":43}},"8":{"start":{"line":30,"column":2},"end":{"line":30,"column":9}},"9":{"start":{"line":34,"column":2},"end":{"line":34,"column":92}},"10":{"start":{"line":38,"column":20},"end":{"line":38,"column":63}},"11":{"start":{"line":40,"column":2},"end":{"line":42,"column":3}},"12":{"start":{"line":41,"column":4},"end":{"line":41,"column":80}},"13":{"start":{"line":43,"column":2},"end":{"line":45,"column":3}},"14":{"start":{"line":44,"column":4},"end":{"line":44,"column":92}},"15":{"start":{"line":46,"column":2},"end":{"line":46,"column":46}},"16":{"start":{"line":46,"column":33},"end":{"line":46,"column":46}},"17":{"start":{"line":49,"column":2},"end":{"line":51,"column":3}},"18":{"start":{"line":50,"column":4},"end":{"line":50,"column":86}},"19":{"start":{"line":53,"column":2},"end":{"line":53,"column":88}},"20":{"start":{"line":62,"column":21},"end":{"line":62,"column":49}},"21":{"start":{"line":63,"column":20},"end":{"line":63,"column":65}},"22":{"start":{"line":65,"column":14},"end":{"line":73,"column":4}},"23":{"start":{"line":75,"column":2},"end":{"line":79,"column":3}},"24":{"start":{"line":76,"column":4},"end":{"line":76,"column":36}},"25":{"start":{"line":78,"column":4},"end":{"line":78,"column":35}},"26":{"start":{"line":81,"column":45},"end":{"line":86,"column":4}},"27":{"start":{"line":87,"column":2},"end":{"line":89,"column":3}},"28":{"start":{"line":88,"column":4},"end":{"line":88,"column":46}},"29":{"start":{"line":91,"column":2},"end":{"line":91,"column":59}}},"fnMap":{"0":{"name":"(anonymous_0)","decl":{"start":{"line":11,"column":2},"end":{"line":11,"column":null}},"loc":{"start":{"line":16,"column":17},"end":{"line":23,"column":3}}},"1":{"name":"requestIdMiddleware","decl":{"start":{"line":26,"column":16},"end":{"line":26,"column":35}},"loc":{"start":{"line":26,"column":83},"end":{"line":31,"column":1}}},"2":{"name":"notFoundHandler","decl":{"start":{"line":33,"column":16},"end":{"line":33,"column":31}},"loc":{"start":{"line":33,"column":80},"end":{"line":35,"column":1}}},"3":{"name":"normalizeExpressError","decl":{"start":{"line":37,"column":9},"end":{"line":37,"column":30}},"loc":{"start":{"line":37,"column":45},"end":{"line":54,"column":1}}},"4":{"name":"errorHandler","decl":{"start":{"line":56,"column":16},"end":{"line":56,"column":28}},"loc":{"start":{"line":60,"column":21},"end":{"line":92,"column":1}}}},"branchMap":{"0":{"loc":{"start":{"line":16,"column":4},"end":{"line":16,"column":17}},"type":"default-arg","locations":[{"start":{"line":16,"column":13},"end":{"line":16,"column":17}}]},"1":{"loc":{"start":{"line":27,"column":20},"end":{"line":27,"column":62}},"type":"binary-expr","locations":[{"start":{"line":27,"column":20},"end":{"line":27,"column":46}},{"start":{"line":27,"column":50},"end":{"line":27,"column":62}}]},"2":{"loc":{"start":{"line":40,"column":2},"end":{"line":42,"column":3}},"type":"if","locations":[{"start":{"line":40,"column":2},"end":{"line":42,"column":3}}]},"3":{"loc":{"start":{"line":43,"column":2},"end":{"line":45,"column":3}},"type":"if","locations":[{"start":{"line":43,"column":2},"end":{"line":45,"column":3}}]},"4":{"loc":{"start":{"line":43,"column":6},"end":{"line":43,"column":73}},"type":"binary-expr","locations":[{"start":{"line":43,"column":6},"end":{"line":43,"column":44}},{"start":{"line":43,"column":48},"end":{"line":43,"column":73}}]},"5":{"loc":{"start":{"line":46,"column":2},"end":{"line":46,"column":46}},"type":"if","locations":[{"start":{"line":46,"column":2},"end":{"line":46,"column":46}}]},"6":{"loc":{"start":{"line":49,"column":2},"end":{"line":51,"column":3}},"type":"if","locations":[{"start":{"line":49,"column":2},"end":{"line":51,"column":3}}]},"7":{"loc":{"start":{"line":71,"column":13},"end":{"line":71,"column":72}},"type":"cond-expr","locations":[{"start":{"line":71,"column":38},"end":{"line":71,"column":51}},{"start":{"line":71,"column":54},"end":{"line":71,"column":72}}]},"8":{"loc":{"start":{"line":75,"column":2},"end":{"line":79,"column":3}},"type":"if","locations":[{"start":{"line":75,"column":2},"end":{"line":79,"column":3}},{"start":{"line":77,"column":9},"end":{"line":79,"column":3}}]},"9":{"loc":{"start":{"line":87,"column":2},"end":{"line":89,"column":3}},"type":"if","locations":[{"start":{"line":87,"column":2},"end":{"line":89,"column":3}}]}},"s":{"0":6,"1":6,"2":6,"3":6,"4":6,"5":39,"6":39,"7":39,"8":39,"9":1,"10":6,"11":6,"12":1,"13":5,"14":2,"15":3,"16":1,"17":2,"18":1,"19":1,"20":6,"21":6,"22":6,"23":6,"24":1,"25":5,"26":6,"27":6,"28":0,"29":6},"f":{"0":6,"1":39,"2":1,"3":6,"4":6},"b":{"0":[4],"1":[39,39],"2":[1],"3":[2],"4":[5,3],"5":[1],"6":[1],"7":[6,0],"8":[1,5],"9":[0]}}
,"C:\\Users\\USER\\Desktop\\Github\\Fluxora-Backend\\src\\config\\env.ts": {"path":"C:\\Users\\USER\\Desktop\\Github\\Fluxora-Backend\\src\\config\\env.ts","statementMap":{"0":{"start":{"line":57,"column":8},"end":{"line":57,"column":49}},"1":{"start":{"line":58,"column":8},"end":{"line":58,"column":34}},"2":{"start":{"line":66,"column":4},"end":{"line":66,"column":49}},"3":{"start":{"line":66,"column":29},"end":{"line":66,"column":49}},"4":{"start":{"line":68,"column":19},"end":{"line":68,"column":38}},"5":{"start":{"line":69,"column":4},"end":{"line":71,"column":5}},"6":{"start":{"line":70,"column":8},"end":{"line":70,"column":66}},"7":{"start":{"line":73,"column":4},"end":{"line":75,"column":5}},"8":{"start":{"line":74,"column":8},"end":{"line":74,"column":73}},"9":{"start":{"line":77,"column":4},"end":{"line":79,"column":5}},"10":{"start":{"line":78,"column":8},"end":{"line":78,"column":72}},"11":{"start":{"line":81,"column":4},"end":{"line":81,"column":18}},"12":{"start":{"line":88,"column":4},"end":{"line":88,"column":49}},"13":{"start":{"line":88,"column":29},"end":{"line":88,"column":49}},"14":{"start":{"line":89,"column":4},"end":{"line":89,"column":59}},"15":{"start":{"line":96,"column":18},"end":{"line":96,"column":35}},"16":{"start":{"line":97,"column":4},"end":{"line":99,"column":5}},"17":{"start":{"line":98,"column":8},"end":{"line":98,"column":80}},"18":{"start":{"line":100,"column":4},"end":{"line":100,"column":17}},"19":{"start":{"line":107,"column":4},"end":{"line":112,"column":5}},"20":{"start":{"line":108,"column":8},"end":{"line":108,"column":21}},"21":{"start":{"line":109,"column":8},"end":{"line":109,"column":19}},"22":{"start":{"line":111,"column":8},"end":{"line":111,"column":65}},"23":{"start":{"line":120,"column":21},"end":{"line":120,"column":58}},"24":{"start":{"line":123,"column":25},"end":{"line":123,"column":49}},"25":{"start":{"line":125,"column":24},"end":{"line":127,"column":99}},"26":{"start":{"line":129,"column":21},"end":{"line":129,"column":70}},"27":{"start":{"line":130,"column":23},"end":{"line":132,"column":null}},"28":{"start":{"line":138,"column":22},"end":{"line":138,"column":46}},"29":{"start":{"line":140,"column":4},"end":{"line":146,"column":5}},"30":{"start":{"line":141,"column":8},"end":{"line":143,"column":9}},"31":{"start":{"line":142,"column":12},"end":{"line":142,"column":93}},"32":{"start":{"line":145,"column":8},"end":{"line":145,"column":120}},"33":{"start":{"line":149,"column":4},"end":{"line":151,"column":5}},"34":{"start":{"line":150,"column":8},"end":{"line":150,"column":114}},"35":{"start":{"line":153,"column":37},"end":{"line":153,"column":114}},"36":{"start":{"line":155,"column":27},"end":{"line":180,"column":6}},"37":{"start":{"line":182,"column":4},"end":{"line":182,"column":18}},"38":{"start":{"line":188,"column":36},"end":{"line":188,"column":40}},"39":{"start":{"line":195,"column":4},"end":{"line":197,"column":5}},"40":{"start":{"line":196,"column":8},"end":{"line":196,"column":89}},"41":{"start":{"line":198,"column":4},"end":{"line":198,"column":26}},"42":{"start":{"line":206,"column":4},"end":{"line":208,"column":5}},"43":{"start":{"line":207,"column":8},"end":{"line":207,"column":30}},"44":{"start":{"line":210,"column":4},"end":{"line":210,"column":34}},"45":{"start":{"line":211,"column":4},"end":{"line":211,"column":26}},"46":{"start":{"line":218,"column":4},"end":{"line":218,"column":26}}},"fnMap":{"0":{"name":"(anonymous_0)","decl":{"start":{"line":56,"column":4},"end":{"line":56,"column":16}},"loc":{"start":{"line":56,"column":31},"end":{"line":59,"column":5}}},"1":{"name":"parseIntEnv","decl":{"start":{"line":65,"column":9},"end":{"line":65,"column":20}},"loc":{"start":{"line":65,"column":96},"end":{"line":82,"column":1}}},"2":{"name":"parseBoolEnv","decl":{"start":{"line":87,"column":9},"end":{"line":87,"column":21}},"loc":{"start":{"line":87,"column":70},"end":{"line":90,"column":1}}},"3":{"name":"requireEnv","decl":{"start":{"line":95,"column":9},"end":{"line":95,"column":19}},"loc":{"start":{"line":95,"column":32},"end":{"line":101,"column":1}}},"4":{"name":"validateUrl","decl":{"start":{"line":106,"column":9},"end":{"line":106,"column":20}},"loc":{"start":{"line":106,"column":46},"end":{"line":113,"column":1}}},"5":{"name":"loadConfig","decl":{"start":{"line":119,"column":16},"end":{"line":119,"column":26}},"loc":{"start":{"line":119,"column":26},"end":{"line":183,"column":1}}},"6":{"name":"getConfig","decl":{"start":{"line":194,"column":16},"end":{"line":194,"column":25}},"loc":{"start":{"line":194,"column":25},"end":{"line":199,"column":1}}},"7":{"name":"initializeConfig","decl":{"start":{"line":205,"column":16},"end":{"line":205,"column":32}},"loc":{"start":{"line":205,"column":32},"end":{"line":212,"column":1}}},"8":{"name":"resetConfig","decl":{"start":{"line":217,"column":16},"end":{"line":217,"column":27}},"loc":{"start":{"line":217,"column":27},"end":{"line":219,"column":1}}}},"branchMap":{"0":{"loc":{"start":{"line":66,"column":4},"end":{"line":66,"column":49}},"type":"if","locations":[{"start":{"line":66,"column":4},"end":{"line":66,"column":49}}]},"1":{"loc":{"start":{"line":69,"column":4},"end":{"line":71,"column":5}},"type":"if","locations":[{"start":{"line":69,"column":4},"end":{"line":71,"column":5}}]},"2":{"loc":{"start":{"line":73,"column":4},"end":{"line":75,"column":5}},"type":"if","locations":[{"start":{"line":73,"column":4},"end":{"line":75,"column":5}}]},"3":{"loc":{"start":{"line":73,"column":8},"end":{"line":73,"column":41}},"type":"binary-expr","locations":[{"start":{"line":73,"column":8},"end":{"line":73,"column":25}},{"start":{"line":73,"column":29},"end":{"line":73,"column":41}}]},"4":{"loc":{"start":{"line":77,"column":4},"end":{"line":79,"column":5}},"type":"if","locations":[{"start":{"line":77,"column":4},"end":{"line":79,"column":5}}]},"5":{"loc":{"start":{"line":77,"column":8},"end":{"line":77,"column":41}},"type":"binary-expr","locations":[{"start":{"line":77,"column":8},"end":{"line":77,"column":25}},{"start":{"line":77,"column":29},"end":{"line":77,"column":41}}]},"6":{"loc":{"start":{"line":88,"column":4},"end":{"line":88,"column":49}},"type":"if","locations":[{"start":{"line":88,"column":4},"end":{"line":88,"column":49}}]},"7":{"loc":{"start":{"line":89,"column":11},"end":{"line":89,"column":58}},"type":"binary-expr","locations":[{"start":{"line":89,"column":11},"end":{"line":89,"column":41}},{"start":{"line":89,"column":45},"end":{"line":89,"column":58}}]},"8":{"loc":{"start":{"line":97,"column":4},"end":{"line":99,"column":5}},"type":"if","locations":[{"start":{"line":97,"column":4},"end":{"line":99,"column":5}}]},"9":{"loc":{"start":{"line":120,"column":21},"end":{"line":120,"column":58}},"type":"binary-expr","locations":[{"start":{"line":120,"column":21},"end":{"line":120,"column":41}},{"start":{"line":120,"column":45},"end":{"line":120,"column":58}}]},"10":{"loc":{"start":{"line":125,"column":24},"end":{"line":127,"column":99}},"type":"cond-expr","locations":[{"start":{"line":126,"column":10},"end":{"line":126,"column":65}},{"start":{"line":127,"column":10},"end":{"line":127,"column":99}}]},"11":{"loc":{"start":{"line":127,"column":22},"end":{"line":127,"column":82}},"type":"binary-expr","locations":[{"start":{"line":127,"column":22},"end":{"line":127,"column":46}},{"start":{"line":127,"column":50},"end":{"line":127,"column":82}}]},"12":{"loc":{"start":{"line":129,"column":21},"end":{"line":129,"column":70}},"type":"binary-expr","locations":[{"start":{"line":129,"column":21},"end":{"line":129,"column":42}},{"start":{"line":129,"column":46},"end":{"line":129,"column":70}}]},"13":{"loc":{"start":{"line":131,"column":8},"end":{"line":131,"column":64}},"type":"binary-expr","locations":[{"start":{"line":131,"column":8},"end":{"line":131,"column":31}},{"start":{"line":131,"column":35},"end":{"line":131,"column":64}}]},"14":{"loc":{"start":{"line":140,"column":4},"end":{"line":146,"column":5}},"type":"if","locations":[{"start":{"line":140,"column":4},"end":{"line":146,"column":5}}]},"15":{"loc":{"start":{"line":141,"column":8},"end":{"line":143,"column":9}},"type":"if","locations":[{"start":{"line":141,"column":8},"end":{"line":143,"column":9}}]},"16":{"loc":{"start":{"line":149,"column":4},"end":{"line":151,"column":5}},"type":"if","locations":[{"start":{"line":149,"column":4},"end":{"line":151,"column":5}}]},"17":{"loc":{"start":{"line":153,"column":37},"end":{"line":153,"column":114}},"type":"binary-expr","locations":[{"start":{"line":153,"column":37},"end":{"line":153,"column":75}},{"start":{"line":153,"column":79},"end":{"line":153,"column":114}}]},"18":{"loc":{"start":{"line":171,"column":22},"end":{"line":171,"column":57}},"type":"binary-expr","locations":[{"start":{"line":171,"column":22},"end":{"line":171,"column":48}},{"start":{"line":171,"column":52},"end":{"line":171,"column":57}}]},"19":{"loc":{"start":{"line":173,"column":19},"end":{"line":173,"column":50}},"type":"binary-expr","locations":[{"start":{"line":173,"column":19},"end":{"line":173,"column":40}},{"start":{"line":173,"column":44},"end":{"line":173,"column":50}}]},"20":{"loc":{"start":{"line":195,"column":4},"end":{"line":197,"column":5}},"type":"if","locations":[{"start":{"line":195,"column":4},"end":{"line":197,"column":5}}]},"21":{"loc":{"start":{"line":206,"column":4},"end":{"line":208,"column":5}},"type":"if","locations":[{"start":{"line":206,"column":4},"end":{"line":208,"column":5}}]}},"s":{"0":15,"1":15,"2":75,"3":66,"4":9,"5":9,"6":2,"7":7,"8":2,"9":5,"10":1,"11":4,"12":64,"13":62,"14":2,"15":31,"16":31,"17":3,"18":28,"19":72,"20":72,"21":69,"22":3,"23":30,"24":30,"25":30,"26":27,"27":27,"28":26,"29":25,"30":3,"31":2,"32":1,"33":23,"34":1,"35":22,"36":22,"37":16,"38":1,"39":2,"40":1,"41":1,"42":4,"43":1,"44":3,"45":2,"46":63},"f":{"0":15,"1":75,"2":64,"3":31,"4":72,"5":30,"6":2,"7":4,"8":63},"b":{"0":[66],"1":[2],"2":[2],"3":[7,7],"4":[1],"5":[5,5],"6":[62],"7":[2,1],"8":[3],"9":[30,0],"10":[5,25],"11":[25,24],"12":[27,26],"13":[27,26],"14":[3],"15":[2],"16":[1],"17":[22,21],"18":[16,16],"19":[16,15],"20":[1],"21":[1]}}
,"C:\\Users\\USER\\Desktop\\Github\\Fluxora-Backend\\src\\config\\health.ts": {"path":"C:\\Users\\USER\\Desktop\\Github\\Fluxora-Backend\\src\\config\\health.ts","statementMap":{"0":{"start":{"line":44,"column":12},"end":{"line":44,"column":61}},"1":{"start":{"line":45,"column":12},"end":{"line":45,"column":67}},"2":{"start":{"line":46,"column":12},"end":{"line":46,"column":43}},"3":{"start":{"line":52,"column":8},"end":{"line":52,"column":49}},"4":{"start":{"line":53,"column":8},"end":{"line":57,"column":11}},"5":{"start":{"line":64,"column":24},"end":{"line":65,"column":null}},"6":{"start":{"line":65,"column":64},"end":{"line":65,"column":86}},"7":{"start":{"line":68,"column":29},"end":{"line":68,"column":36}},"8":{"start":{"line":69,"column":23},"end":{"line":69,"column":57}},"9":{"start":{"line":70,"column":23},"end":{"line":70,"column":71}},"10":{"start":{"line":72,"column":8},"end":{"line":78,"column":10}},"11":{"start":{"line":85,"column":26},"end":{"line":85,"column":36}},"12":{"start":{"line":86,"column":8},"end":{"line":114,"column":9}},"13":{"start":{"line":87,"column":27},"end":{"line":87,"column":48}},"14":{"start":{"line":88,"column":28},"end":{"line":88,"column":50}},"15":{"start":{"line":90,"column":45},"end":{"line":96,"column":14}},"16":{"start":{"line":98,"column":12},"end":{"line":98,"column":55}},"17":{"start":{"line":99,"column":12},"end":{"line":99,"column":26}},"18":{"start":{"line":101,"column":28},"end":{"line":101,"column":50}},"19":{"start":{"line":102,"column":26},"end":{"line":102,"column":74}},"20":{"start":{"line":104,"column":45},"end":{"line":110,"column":14}},"21":{"start":{"line":112,"column":12},"end":{"line":112,"column":55}},"22":{"start":{"line":113,"column":12},"end":{"line":113,"column":26}},"23":{"start":{"line":121,"column":25},"end":{"line":121,"column":58}},"24":{"start":{"line":121,"column":49},"end":{"line":121,"column":57}},"25":{"start":{"line":123,"column":8},"end":{"line":125,"column":9}},"26":{"start":{"line":124,"column":12},"end":{"line":124,"column":31}},"27":{"start":{"line":127,"column":8},"end":{"line":129,"column":9}},"28":{"start":{"line":128,"column":12},"end":{"line":128,"column":30}},"29":{"start":{"line":131,"column":8},"end":{"line":131,"column":25}},"30":{"start":{"line":138,"column":29},"end":{"line":138,"column":66}},"31":{"start":{"line":139,"column":23},"end":{"line":139,"column":57}},"32":{"start":{"line":140,"column":23},"end":{"line":140,"column":71}},"33":{"start":{"line":142,"column":8},"end":{"line":148,"column":10}},"34":{"start":{"line":156,"column":4},"end":{"line":163,"column":6}},"35":{"start":{"line":161,"column":12},"end":{"line":161,"column":34}},"36":{"start":{"line":170,"column":4},"end":{"line":187,"column":6}},"37":{"start":{"line":173,"column":30},"end":{"line":173,"column":40}},"38":{"start":{"line":174,"column":12},"end":{"line":185,"column":13}},"39":{"start":{"line":175,"column":29},"end":{"line":175,"column":58}},"40":{"start":{"line":175,"column":52},"end":{"line":175,"column":57}},"41":{"start":{"line":176,"column":27},"end":{"line":176,"column":39}},"42":{"start":{"line":177,"column":16},"end":{"line":179,"column":86}},"43":{"start":{"line":181,"column":16},"end":{"line":184,"column":18}},"44":{"start":{"line":194,"column":4},"end":{"line":227,"column":6}},"45":{"start":{"line":197,"column":30},"end":{"line":197,"column":40}},"46":{"start":{"line":198,"column":12},"end":{"line":225,"column":13}},"47":{"start":{"line":199,"column":35},"end":{"line":199,"column":56}},"48":{"start":{"line":200,"column":34},"end":{"line":200,"column":76}},"49":{"start":{"line":200,"column":51},"end":{"line":200,"column":69}},"50":{"start":{"line":202,"column":16},"end":{"line":219,"column":17}},"51":{"start":{"line":203,"column":37},"end":{"line":205,"column":22}},"52":{"start":{"line":207,"column":20},"end":{"line":207,"column":44}},"53":{"start":{"line":209,"column":20},"end":{"line":214,"column":21}},"54":{"start":{"line":210,"column":24},"end":{"line":213,"column":26}},"55":{"start":{"line":216,"column":20},"end":{"line":216,"column":63}},"56":{"start":{"line":218,"column":20},"end":{"line":218,"column":44}},"57":{"start":{"line":221,"column":16},"end":{"line":224,"column":18}}},"fnMap":{"0":{"name":"(anonymous_0)","decl":{"start":{"line":43,"column":0},"end":{"line":43,"column":6}},"loc":{"start":{"line":43,"column":0},"end":{"line":150,"column":1}}},"1":{"name":"(anonymous_1)","decl":{"start":{"line":51,"column":4},"end":{"line":51,"column":19}},"loc":{"start":{"line":51,"column":42},"end":{"line":58,"column":5}}},"2":{"name":"(anonymous_2)","decl":{"start":{"line":63,"column":4},"end":{"line":63,"column":9}},"loc":{"start":{"line":63,"column":18},"end":{"line":79,"column":5}}},"3":{"name":"(anonymous_3)","decl":{"start":{"line":65,"column":51},"end":{"line":65,"column":52}},"loc":{"start":{"line":65,"column":64},"end":{"line":65,"column":86}}},"4":{"name":"(anonymous_4)","decl":{"start":{"line":84,"column":12},"end":{"line":84,"column":17}},"loc":{"start":{"line":84,"column":49},"end":{"line":115,"column":5}}},"5":{"name":"(anonymous_5)","decl":{"start":{"line":120,"column":12},"end":{"line":120,"column":27}},"loc":{"start":{"line":120,"column":60},"end":{"line":132,"column":5}}},"6":{"name":"(anonymous_6)","decl":{"start":{"line":121,"column":42},"end":{"line":121,"column":43}},"loc":{"start":{"line":121,"column":49},"end":{"line":121,"column":57}}},"7":{"name":"(anonymous_7)","decl":{"start":{"line":137,"column":4},"end":{"line":137,"column":17}},"loc":{"start":{"line":137,"column":33},"end":{"line":149,"column":5}}},"8":{"name":"createDatabaseHealthChecker","decl":{"start":{"line":155,"column":16},"end":{"line":155,"column":43}},"loc":{"start":{"line":155,"column":43},"end":{"line":164,"column":1}}},"9":{"name":"(anonymous_9)","decl":{"start":{"line":158,"column":8},"end":{"line":158,"column":13}},"loc":{"start":{"line":158,"column":19},"end":{"line":162,"column":9}}},"10":{"name":"createRedisHealthChecker","decl":{"start":{"line":169,"column":16},"end":{"line":169,"column":40}},"loc":{"start":{"line":169,"column":72},"end":{"line":188,"column":1}}},"11":{"name":"(anonymous_11)","decl":{"start":{"line":172,"column":8},"end":{"line":172,"column":13}},"loc":{"start":{"line":172,"column":19},"end":{"line":186,"column":9}}},"12":{"name":"(anonymous_12)","decl":{"start":{"line":175,"column":40},"end":{"line":175,"column":45}},"loc":{"start":{"line":175,"column":52},"end":{"line":175,"column":57}}},"13":{"name":"createHorizonHealthChecker","decl":{"start":{"line":193,"column":16},"end":{"line":193,"column":42}},"loc":{"start":{"line":193,"column":61},"end":{"line":228,"column":1}}},"14":{"name":"(anonymous_14)","decl":{"start":{"line":196,"column":8},"end":{"line":196,"column":13}},"loc":{"start":{"line":196,"column":19},"end":{"line":226,"column":9}}},"15":{"name":"(anonymous_15)","decl":{"start":{"line":200,"column":45},"end":{"line":200,"column":48}},"loc":{"start":{"line":200,"column":51},"end":{"line":200,"column":69}}}},"branchMap":{"0":{"loc":{"start":{"line":92,"column":24},"end":{"line":92,"column":62}},"type":"cond-expr","locations":[{"start":{"line":92,"column":39},"end":{"line":92,"column":50}},{"start":{"line":92,"column":53},"end":{"line":92,"column":62}}]},"1":{"loc":{"start":{"line":102,"column":26},"end":{"line":102,"column":74}},"type":"cond-expr","locations":[{"start":{"line":102,"column":49},"end":{"line":102,"column":60}},{"start":{"line":102,"column":63},"end":{"line":102,"column":74}}]},"2":{"loc":{"start":{"line":123,"column":8},"end":{"line":125,"column":9}},"type":"if","locations":[{"start":{"line":123,"column":8},"end":{"line":125,"column":9}}]},"3":{"loc":{"start":{"line":127,"column":8},"end":{"line":129,"column":9}},"type":"if","locations":[{"start":{"line":127,"column":8},"end":{"line":129,"column":9}}]},"4":{"loc":{"start":{"line":175,"column":29},"end":{"line":175,"column":58}},"type":"binary-expr","locations":[{"start":{"line":175,"column":29},"end":{"line":175,"column":35}},{"start":{"line":175,"column":40},"end":{"line":175,"column":57}}]},"5":{"loc":{"start":{"line":177,"column":23},"end":{"line":179,"column":85}},"type":"cond-expr","locations":[{"start":{"line":178,"column":22},"end":{"line":178,"column":57}},{"start":{"line":179,"column":22},"end":{"line":179,"column":85}}]},"6":{"loc":{"start":{"line":183,"column":27},"end":{"line":183,"column":79}},"type":"cond-expr","locations":[{"start":{"line":183,"column":50},"end":{"line":183,"column":61}},{"start":{"line":183,"column":64},"end":{"line":183,"column":79}}]},"7":{"loc":{"start":{"line":209,"column":20},"end":{"line":214,"column":21}},"type":"if","locations":[{"start":{"line":209,"column":20},"end":{"line":214,"column":21}}]},"8":{"loc":{"start":{"line":223,"column":27},"end":{"line":223,"column":79}},"type":"cond-expr","locations":[{"start":{"line":223,"column":50},"end":{"line":223,"column":61}},{"start":{"line":223,"column":64},"end":{"line":223,"column":79}}]}},"s":{"0":23,"1":23,"2":23,"3":18,"4":18,"5":12,"6":14,"7":12,"8":12,"9":12,"10":12,"11":14,"12":14,"13":14,"14":12,"15":12,"16":12,"17":12,"18":2,"19":2,"20":2,"21":2,"22":2,"23":16,"24":19,"25":16,"26":5,"27":11,"28":0,"29":11,"30":4,"31":4,"32":4,"33":4,"34":1,"35":1,"36":5,"37":5,"38":5,"39":5,"40":1,"41":5,"42":3,"43":2,"44":2,"45":2,"46":2,"47":2,"48":2,"49":0,"50":2,"51":2,"52":1,"53":1,"54":0,"55":1,"56":2,"57":1},"f":{"0":23,"1":18,"2":12,"3":14,"4":14,"5":16,"6":19,"7":4,"8":1,"9":1,"10":5,"11":5,"12":1,"13":2,"14":2,"15":0},"b":{"0":[3,9],"1":[1,1],"2":[5],"3":[0],"4":[5,1],"5":[1,2],"6":[1,1],"7":[0],"8":[0,1]}}
,"C:\\Users\\USER\\Desktop\\Github\\Fluxora-Backend\\src\\config\\logger.ts": {"path":"C:\\Users\\USER\\Desktop\\Github\\Fluxora-Backend\\src\\config\\logger.ts","statementMap":{"0":{"start":{"line":33,"column":12},"end":{"line":38,"column":6}},"1":{"start":{"line":41,"column":8},"end":{"line":41,"column":33}},"2":{"start":{"line":48,"column":8},"end":{"line":48,"column":72}},"3":{"start":{"line":55,"column":8},"end":{"line":57,"column":9}},"4":{"start":{"line":56,"column":12},"end":{"line":56,"column":19}},"5":{"start":{"line":59,"column":23},"end":{"line":62,"column":10}},"6":{"start":{"line":65,"column":23},"end":{"line":65,"column":98}},"7":{"start":{"line":66,"column":8},"end":{"line":66,"column":48}},"8":{"start":{"line":73,"column":8},"end":{"line":73,"column":109}},"9":{"start":{"line":80,"column":8},"end":{"line":80,"column":108}},"10":{"start":{"line":87,"column":8},"end":{"line":87,"column":108}},"11":{"start":{"line":94,"column":45},"end":{"line":100,"column":23}},"12":{"start":{"line":102,"column":8},"end":{"line":108,"column":11}},"13":{"start":{"line":115,"column":8},"end":{"line":115,"column":51}},"14":{"start":{"line":122,"column":8},"end":{"line":122,"column":30}},"15":{"start":{"line":131,"column":16},"end":{"line":131,"column":30}},"16":{"start":{"line":132,"column":16},"end":{"line":132,"column":48}},"17":{"start":{"line":136,"column":8},"end":{"line":136,"column":68}},"18":{"start":{"line":140,"column":8},"end":{"line":140,"column":67}},"19":{"start":{"line":144,"column":8},"end":{"line":144,"column":67}},"20":{"start":{"line":148,"column":8},"end":{"line":148,"column":75}},"21":{"start":{"line":155,"column":34},"end":{"line":155,"column":38}},"22":{"start":{"line":161,"column":4},"end":{"line":163,"column":5}},"23":{"start":{"line":162,"column":8},"end":{"line":162,"column":28}},"24":{"start":{"line":165,"column":4},"end":{"line":165,"column":37}},"25":{"start":{"line":166,"column":4},"end":{"line":166,"column":24}},"26":{"start":{"line":173,"column":4},"end":{"line":175,"column":5}},"27":{"start":{"line":174,"column":8},"end":{"line":174,"column":42}},"28":{"start":{"line":176,"column":4},"end":{"line":176,"column":24}},"29":{"start":{"line":183,"column":4},"end":{"line":183,"column":24}}},"fnMap":{"0":{"name":"(anonymous_0)","decl":{"start":{"line":40,"column":4},"end":{"line":40,"column":16}},"loc":{"start":{"line":40,"column":43},"end":{"line":42,"column":5}}},"1":{"name":"(anonymous_1)","decl":{"start":{"line":47,"column":12},"end":{"line":47,"column":21}},"loc":{"start":{"line":47,"column":37},"end":{"line":49,"column":5}}},"2":{"name":"(anonymous_2)","decl":{"start":{"line":54,"column":12},"end":{"line":54,"column":16}},"loc":{"start":{"line":54,"column":32},"end":{"line":67,"column":5}}},"3":{"name":"(anonymous_3)","decl":{"start":{"line":72,"column":4},"end":{"line":72,"column":9}},"loc":{"start":{"line":72,"column":60},"end":{"line":74,"column":5}}},"4":{"name":"(anonymous_4)","decl":{"start":{"line":79,"column":4},"end":{"line":79,"column":8}},"loc":{"start":{"line":79,"column":59},"end":{"line":81,"column":5}}},"5":{"name":"(anonymous_5)","decl":{"start":{"line":86,"column":4},"end":{"line":86,"column":8}},"loc":{"start":{"line":86,"column":59},"end":{"line":88,"column":5}}},"6":{"name":"(anonymous_6)","decl":{"start":{"line":93,"column":4},"end":{"line":93,"column":9}},"loc":{"start":{"line":93,"column":75},"end":{"line":109,"column":5}}},"7":{"name":"(anonymous_7)","decl":{"start":{"line":114,"column":4},"end":{"line":114,"column":9}},"loc":{"start":{"line":114,"column":42},"end":{"line":116,"column":5}}},"8":{"name":"(anonymous_8)","decl":{"start":{"line":121,"column":4},"end":{"line":121,"column":12}},"loc":{"start":{"line":121,"column":28},"end":{"line":123,"column":5}}},"9":{"name":"(anonymous_9)","decl":{"start":{"line":130,"column":4},"end":{"line":130,"column":null}},"loc":{"start":{"line":132,"column":48},"end":{"line":133,"column":9}}},"10":{"name":"(anonymous_10)","decl":{"start":{"line":135,"column":4},"end":{"line":135,"column":9}},"loc":{"start":{"line":135,"column":60},"end":{"line":137,"column":5}}},"11":{"name":"(anonymous_11)","decl":{"start":{"line":139,"column":4},"end":{"line":139,"column":8}},"loc":{"start":{"line":139,"column":59},"end":{"line":141,"column":5}}},"12":{"name":"(anonymous_12)","decl":{"start":{"line":143,"column":4},"end":{"line":143,"column":8}},"loc":{"start":{"line":143,"column":59},"end":{"line":145,"column":5}}},"13":{"name":"(anonymous_13)","decl":{"start":{"line":147,"column":4},"end":{"line":147,"column":9}},"loc":{"start":{"line":147,"column":75},"end":{"line":149,"column":5}}},"14":{"name":"initializeLogger","decl":{"start":{"line":160,"column":16},"end":{"line":160,"column":32}},"loc":{"start":{"line":160,"column":57},"end":{"line":167,"column":1}}},"15":{"name":"getLogger","decl":{"start":{"line":172,"column":16},"end":{"line":172,"column":25}},"loc":{"start":{"line":172,"column":25},"end":{"line":177,"column":1}}},"16":{"name":"resetLogger","decl":{"start":{"line":182,"column":16},"end":{"line":182,"column":27}},"loc":{"start":{"line":182,"column":27},"end":{"line":184,"column":1}}}},"branchMap":{"0":{"loc":{"start":{"line":40,"column":16},"end":{"line":40,"column":43}},"type":"default-arg","locations":[{"start":{"line":40,"column":37},"end":{"line":40,"column":43}}]},"1":{"loc":{"start":{"line":55,"column":8},"end":{"line":57,"column":9}},"type":"if","locations":[{"start":{"line":55,"column":8},"end":{"line":57,"column":9}}]},"2":{"loc":{"start":{"line":65,"column":23},"end":{"line":65,"column":98}},"type":"cond-expr","locations":[{"start":{"line":65,"column":49},"end":{"line":65,"column":56}},{"start":{"line":65,"column":59},"end":{"line":65,"column":98}}]},"3":{"loc":{"start":{"line":65,"column":59},"end":{"line":65,"column":98}},"type":"cond-expr","locations":[{"start":{"line":65,"column":84},"end":{"line":65,"column":90}},{"start":{"line":65,"column":93},"end":{"line":65,"column":98}}]},"4":{"loc":{"start":{"line":73,"column":64},"end":{"line":73,"column":104}},"type":"cond-expr","locations":[{"start":{"line":73,"column":88},"end":{"line":73,"column":99}},{"start":{"line":73,"column":102},"end":{"line":73,"column":104}}]},"5":{"loc":{"start":{"line":80,"column":63},"end":{"line":80,"column":103}},"type":"cond-expr","locations":[{"start":{"line":80,"column":87},"end":{"line":80,"column":98}},{"start":{"line":80,"column":101},"end":{"line":80,"column":103}}]},"6":{"loc":{"start":{"line":87,"column":63},"end":{"line":87,"column":103}},"type":"cond-expr","locations":[{"start":{"line":87,"column":87},"end":{"line":87,"column":98}},{"start":{"line":87,"column":101},"end":{"line":87,"column":103}}]},"7":{"loc":{"start":{"line":94,"column":45},"end":{"line":100,"column":23}},"type":"cond-expr","locations":[{"start":{"line":95,"column":14},"end":{"line":99,"column":null}},{"start":{"line":100,"column":14},"end":{"line":100,"column":23}}]},"8":{"loc":{"start":{"line":98,"column":20},"end":{"line":98,"column":75}},"type":"cond-expr","locations":[{"start":{"line":98,"column":48},"end":{"line":98,"column":70}},{"start":{"line":98,"column":73},"end":{"line":98,"column":75}}]},"9":{"loc":{"start":{"line":106,"column":16},"end":{"line":106,"column":56}},"type":"cond-expr","locations":[{"start":{"line":106,"column":40},"end":{"line":106,"column":51}},{"start":{"line":106,"column":54},"end":{"line":106,"column":56}}]},"10":{"loc":{"start":{"line":107,"column":16},"end":{"line":107,"column":67}},"type":"cond-expr","locations":[{"start":{"line":107,"column":42},"end":{"line":107,"column":62}},{"start":{"line":107,"column":65},"end":{"line":107,"column":67}}]},"11":{"loc":{"start":{"line":160,"column":33},"end":{"line":160,"column":57}},"type":"default-arg","locations":[{"start":{"line":160,"column":51},"end":{"line":160,"column":57}}]},"12":{"loc":{"start":{"line":161,"column":4},"end":{"line":163,"column":5}},"type":"if","locations":[{"start":{"line":161,"column":4},"end":{"line":163,"column":5}}]},"13":{"loc":{"start":{"line":173,"column":4},"end":{"line":175,"column":5}},"type":"if","locations":[{"start":{"line":173,"column":4},"end":{"line":175,"column":5}}]}},"s":{"0":24,"1":24,"2":19,"3":19,"4":3,"5":16,"6":16,"7":16,"8":4,"9":9,"10":2,"11":4,"12":4,"13":5,"14":1,"15":5,"16":5,"17":0,"18":3,"19":0,"20":1,"21":1,"22":5,"23":1,"24":4,"25":4,"26":3,"27":2,"28":3,"29":48},"f":{"0":24,"1":19,"2":19,"3":4,"4":9,"5":2,"6":4,"7":5,"8":1,"9":5,"10":0,"11":3,"12":0,"13":1,"14":5,"15":3,"16":48},"b":{"0":[1],"1":[3],"2":[4,12],"3":[2,10],"4":[0,4],"5":[4,5],"6":[0,2],"7":[2,2],"8":[2,0],"9":[1,3],"10":[2,2],"11":[0],"12":[1],"13":[2]}}
,"C:\\Users\\USER\\Desktop\\Github\\Fluxora-Backend\\src\\config\\validation.ts": {"path":"C:\\Users\\USER\\Desktop\\Github\\Fluxora-Backend\\src\\config\\validation.ts","statementMap":{"0":{"start":{"line":19,"column":8},"end":{"line":19,"column":23}},"1":{"start":{"line":16,"column":15},"end":{"line":16,"column":29}},"2":{"start":{"line":17,"column":15},"end":{"line":17,"column":30}},"3":{"start":{"line":20,"column":8},"end":{"line":20,"column":38}},"4":{"start":{"line":28,"column":4},"end":{"line":30,"column":5}},"5":{"start":{"line":29,"column":8},"end":{"line":29,"column":97}},"6":{"start":{"line":33,"column":4},"end":{"line":39,"column":5}},"7":{"start":{"line":34,"column":8},"end":{"line":38,"column":10}},"8":{"start":{"line":41,"column":4},"end":{"line":41,"column":19}},"9":{"start":{"line":48,"column":22},"end":{"line":48,"column":43}},"10":{"start":{"line":50,"column":4},"end":{"line":52,"column":5}},"11":{"start":{"line":51,"column":8},"end":{"line":51,"column":81}},"12":{"start":{"line":55,"column":4},"end":{"line":61,"column":5}},"13":{"start":{"line":56,"column":8},"end":{"line":60,"column":10}},"14":{"start":{"line":63,"column":19},"end":{"line":63,"column":36}},"15":{"start":{"line":66,"column":4},"end":{"line":68,"column":5}},"16":{"start":{"line":67,"column":8},"end":{"line":67,"column":92}},"17":{"start":{"line":71,"column":22},"end":{"line":71,"column":51}},"18":{"start":{"line":72,"column":4},"end":{"line":78,"column":5}},"19":{"start":{"line":73,"column":8},"end":{"line":77,"column":10}},"20":{"start":{"line":80,"column":4},"end":{"line":80,"column":21}},"21":{"start":{"line":87,"column":20},"end":{"line":87,"column":39}},"22":{"start":{"line":89,"column":4},"end":{"line":91,"column":5}},"23":{"start":{"line":90,"column":8},"end":{"line":90,"column":79}},"24":{"start":{"line":93,"column":4},"end":{"line":99,"column":5}},"25":{"start":{"line":94,"column":8},"end":{"line":98,"column":10}},"26":{"start":{"line":101,"column":19},"end":{"line":101,"column":34}},"27":{"start":{"line":103,"column":4},"end":{"line":105,"column":5}},"28":{"start":{"line":104,"column":8},"end":{"line":104,"column":90}},"29":{"start":{"line":107,"column":4},"end":{"line":107,"column":19}},"30":{"start":{"line":114,"column":15},"end":{"line":114,"column":82}},"31":{"start":{"line":116,"column":4},"end":{"line":118,"column":5}},"32":{"start":{"line":117,"column":8},"end":{"line":117,"column":103}},"33":{"start":{"line":121,"column":16},"end":{"line":121,"column":45}},"34":{"start":{"line":122,"column":23},"end":{"line":122,"column":33}},"35":{"start":{"line":124,"column":4},"end":{"line":130,"column":5}},"36":{"start":{"line":125,"column":8},"end":{"line":129,"column":10}},"37":{"start":{"line":132,"column":4},"end":{"line":132,"column":14}},"38":{"start":{"line":147,"column":4},"end":{"line":149,"column":5}},"39":{"start":{"line":148,"column":8},"end":{"line":148,"column":72}},"40":{"start":{"line":151,"column":16},"end":{"line":151,"column":47}},"41":{"start":{"line":153,"column":19},"end":{"line":153,"column":77}},"42":{"start":{"line":154,"column":22},"end":{"line":154,"column":86}},"43":{"start":{"line":156,"column":4},"end":{"line":158,"column":5}},"44":{"start":{"line":157,"column":8},"end":{"line":157,"column":86}},"45":{"start":{"line":160,"column":26},"end":{"line":160,"column":90}},"46":{"start":{"line":161,"column":26},"end":{"line":161,"column":97}},"47":{"start":{"line":162,"column":22},"end":{"line":162,"column":80}},"48":{"start":{"line":165,"column":23},"end":{"line":165,"column":44}},"49":{"start":{"line":166,"column":20},"end":{"line":166,"column":41}},"50":{"start":{"line":168,"column":4},"end":{"line":172,"column":5}},"51":{"start":{"line":169,"column":8},"end":{"line":171,"column":10}},"52":{"start":{"line":174,"column":4},"end":{"line":180,"column":6}},"53":{"start":{"line":187,"column":4},"end":{"line":189,"column":5}},"54":{"start":{"line":188,"column":8},"end":{"line":188,"column":92}},"55":{"start":{"line":191,"column":4},"end":{"line":197,"column":5}},"56":{"start":{"line":192,"column":8},"end":{"line":196,"column":10}},"57":{"start":{"line":199,"column":4},"end":{"line":199,"column":14}}},"fnMap":{"0":{"name":"(anonymous_0)","decl":{"start":{"line":14,"column":4},"end":{"line":14,"column":null}},"loc":{"start":{"line":17,"column":30},"end":{"line":21,"column":5}}},"1":{"name":"validateStellarAddress","decl":{"start":{"line":27,"column":16},"end":{"line":27,"column":38}},"loc":{"start":{"line":27,"column":85},"end":{"line":42,"column":1}}},"2":{"name":"validateAmount","decl":{"start":{"line":47,"column":16},"end":{"line":47,"column":30}},"loc":{"start":{"line":47,"column":84},"end":{"line":81,"column":1}}},"3":{"name":"validateRatePerSecond","decl":{"start":{"line":86,"column":16},"end":{"line":86,"column":37}},"loc":{"start":{"line":86,"column":96},"end":{"line":108,"column":1}}},"4":{"name":"validateTimestamp","decl":{"start":{"line":113,"column":16},"end":{"line":113,"column":33}},"loc":{"start":{"line":113,"column":93},"end":{"line":133,"column":1}}},"5":{"name":"validateCreateStreamRequest","decl":{"start":{"line":146,"column":16},"end":{"line":146,"column":43}},"loc":{"start":{"line":146,"column":57},"end":{"line":181,"column":1}}},"6":{"name":"validateStreamId","decl":{"start":{"line":186,"column":16},"end":{"line":186,"column":32}},"loc":{"start":{"line":186,"column":69},"end":{"line":200,"column":1}}}},"branchMap":{"0":{"loc":{"start":{"line":27,"column":56},"end":{"line":27,"column":85}},"type":"default-arg","locations":[{"start":{"line":27,"column":76},"end":{"line":27,"column":85}}]},"1":{"loc":{"start":{"line":28,"column":4},"end":{"line":30,"column":5}},"type":"if","locations":[{"start":{"line":28,"column":4},"end":{"line":30,"column":5}}]},"2":{"loc":{"start":{"line":28,"column":8},"end":{"line":28,"column":47}},"type":"binary-expr","locations":[{"start":{"line":28,"column":8},"end":{"line":28,"column":16}},{"start":{"line":28,"column":20},"end":{"line":28,"column":47}}]},"3":{"loc":{"start":{"line":33,"column":4},"end":{"line":39,"column":5}},"type":"if","locations":[{"start":{"line":33,"column":4},"end":{"line":39,"column":5}}]},"4":{"loc":{"start":{"line":47,"column":56},"end":{"line":47,"column":84}},"type":"default-arg","locations":[{"start":{"line":47,"column":76},"end":{"line":47,"column":84}}]},"5":{"loc":{"start":{"line":50,"column":4},"end":{"line":52,"column":5}},"type":"if","locations":[{"start":{"line":50,"column":4},"end":{"line":52,"column":5}}]},"6":{"loc":{"start":{"line":55,"column":4},"end":{"line":61,"column":5}},"type":"if","locations":[{"start":{"line":55,"column":4},"end":{"line":61,"column":5}}]},"7":{"loc":{"start":{"line":66,"column":4},"end":{"line":68,"column":5}},"type":"if","locations":[{"start":{"line":66,"column":4},"end":{"line":68,"column":5}}]},"8":{"loc":{"start":{"line":72,"column":4},"end":{"line":78,"column":5}},"type":"if","locations":[{"start":{"line":72,"column":4},"end":{"line":78,"column":5}}]},"9":{"loc":{"start":{"line":86,"column":61},"end":{"line":86,"column":96}},"type":"default-arg","locations":[{"start":{"line":86,"column":81},"end":{"line":86,"column":96}}]},"10":{"loc":{"start":{"line":89,"column":4},"end":{"line":91,"column":5}},"type":"if","locations":[{"start":{"line":89,"column":4},"end":{"line":91,"column":5}}]},"11":{"loc":{"start":{"line":93,"column":4},"end":{"line":99,"column":5}},"type":"if","locations":[{"start":{"line":93,"column":4},"end":{"line":99,"column":5}}]},"12":{"loc":{"start":{"line":103,"column":4},"end":{"line":105,"column":5}},"type":"if","locations":[{"start":{"line":103,"column":4},"end":{"line":105,"column":5}}]},"13":{"loc":{"start":{"line":113,"column":62},"end":{"line":113,"column":93}},"type":"default-arg","locations":[{"start":{"line":113,"column":82},"end":{"line":113,"column":93}}]},"14":{"loc":{"start":{"line":114,"column":15},"end":{"line":114,"column":82}},"type":"cond-expr","locations":[{"start":{"line":114,"column":47},"end":{"line":114,"column":70}},{"start":{"line":114,"column":73},"end":{"line":114,"column":82}}]},"15":{"loc":{"start":{"line":116,"column":4},"end":{"line":118,"column":5}},"type":"if","locations":[{"start":{"line":116,"column":4},"end":{"line":118,"column":5}}]},"16":{"loc":{"start":{"line":124,"column":4},"end":{"line":130,"column":5}},"type":"if","locations":[{"start":{"line":124,"column":4},"end":{"line":130,"column":5}}]},"17":{"loc":{"start":{"line":147,"column":4},"end":{"line":149,"column":5}},"type":"if","locations":[{"start":{"line":147,"column":4},"end":{"line":149,"column":5}}]},"18":{"loc":{"start":{"line":147,"column":8},"end":{"line":147,"column":41}},"type":"binary-expr","locations":[{"start":{"line":147,"column":8},"end":{"line":147,"column":13}},{"start":{"line":147,"column":17},"end":{"line":147,"column":41}}]},"19":{"loc":{"start":{"line":153,"column":49},"end":{"line":153,"column":65}},"type":"binary-expr","locations":[{"start":{"line":153,"column":49},"end":{"line":153,"column":59}},{"start":{"line":153,"column":63},"end":{"line":153,"column":65}}]},"20":{"loc":{"start":{"line":154,"column":52},"end":{"line":154,"column":71}},"type":"binary-expr","locations":[{"start":{"line":154,"column":52},"end":{"line":154,"column":65}},{"start":{"line":154,"column":69},"end":{"line":154,"column":71}}]},"21":{"loc":{"start":{"line":156,"column":4},"end":{"line":158,"column":5}},"type":"if","locations":[{"start":{"line":156,"column":4},"end":{"line":158,"column":5}}]},"22":{"loc":{"start":{"line":160,"column":48},"end":{"line":160,"column":71}},"type":"binary-expr","locations":[{"start":{"line":160,"column":48},"end":{"line":160,"column":65}},{"start":{"line":160,"column":69},"end":{"line":160,"column":71}}]},"23":{"loc":{"start":{"line":161,"column":55},"end":{"line":161,"column":78}},"type":"binary-expr","locations":[{"start":{"line":161,"column":55},"end":{"line":161,"column":72}},{"start":{"line":161,"column":76},"end":{"line":161,"column":78}}]},"24":{"loc":{"start":{"line":162,"column":47},"end":{"line":162,"column":65}},"type":"binary-expr","locations":[{"start":{"line":162,"column":47},"end":{"line":162,"column":60}},{"start":{"line":162,"column":64},"end":{"line":162,"column":65}}]},"25":{"loc":{"start":{"line":168,"column":4},"end":{"line":172,"column":5}},"type":"if","locations":[{"start":{"line":168,"column":4},"end":{"line":172,"column":5}}]},"26":{"loc":{"start":{"line":186,"column":45},"end":{"line":186,"column":69}},"type":"default-arg","locations":[{"start":{"line":186,"column":65},"end":{"line":186,"column":69}}]},"27":{"loc":{"start":{"line":187,"column":4},"end":{"line":189,"column":5}},"type":"if","locations":[{"start":{"line":187,"column":4},"end":{"line":189,"column":5}}]},"28":{"loc":{"start":{"line":187,"column":8},"end":{"line":187,"column":37}},"type":"binary-expr","locations":[{"start":{"line":187,"column":8},"end":{"line":187,"column":11}},{"start":{"line":187,"column":15},"end":{"line":187,"column":37}}]},"29":{"loc":{"start":{"line":191,"column":4},"end":{"line":197,"column":5}},"type":"if","locations":[{"start":{"line":191,"column":4},"end":{"line":197,"column":5}}]}},"s":{"0":21,"1":21,"2":21,"3":21,"4":14,"5":2,"6":12,"7":3,"8":9,"9":11,"10":11,"11":1,"12":10,"13":2,"14":8,"15":8,"16":1,"17":7,"18":7,"19":1,"20":6,"21":7,"22":7,"23":0,"24":7,"25":2,"26":5,"27":5,"28":1,"29":4,"30":8,"31":8,"32":1,"33":7,"34":7,"35":7,"36":1,"37":6,"38":5,"39":1,"40":4,"41":4,"42":4,"43":4,"44":1,"45":3,"46":3,"47":3,"48":3,"49":3,"50":3,"51":1,"52":2,"53":4,"54":1,"55":3,"56":2,"57":1},"f":{"0":21,"1":14,"2":11,"3":7,"4":8,"5":5,"6":4},"b":{"0":[6],"1":[2],"2":[14,12],"3":[3],"4":[8],"5":[1],"6":[2],"7":[1],"8":[1],"9":[4],"10":[0],"11":[2],"12":[1],"13":[5],"14":[2,6],"15":[1],"16":[1],"17":[1],"18":[5,5],"19":[4,0],"20":[4,0],"21":[1],"22":[3,0],"23":[3,0],"24":[3,0],"25":[1],"26":[4],"27":[1],"28":[4,3],"29":[2]}}
,"C:\\Users\\USER\\Desktop\\Github\\Fluxora-Backend\\src\\indexer\\stall.ts": {"path":"C:\\Users\\USER\\Desktop\\Github\\Fluxora-Backend\\src\\indexer\\stall.ts","statementMap":{"0":{"start":{"line":1,"column":50},"end":{"line":1,"column":63}},"1":{"start":{"line":28,"column":2},"end":{"line":28,"column":52}},"2":{"start":{"line":28,"column":29},"end":{"line":28,"column":52}},"3":{"start":{"line":29,"column":2},"end":{"line":29,"column":46}},"4":{"start":{"line":29,"column":33},"end":{"line":29,"column":46}},"5":{"start":{"line":31,"column":17},"end":{"line":31,"column":34}},"6":{"start":{"line":32,"column":2},"end":{"line":32,"column":46}},"7":{"start":{"line":38,"column":22},"end":{"line":38,"column":82}},"8":{"start":{"line":39,"column":18},"end":{"line":39,"column":40}},"9":{"start":{"line":41,"column":2},"end":{"line":52,"column":3}},"10":{"start":{"line":42,"column":4},"end":{"line":51,"column":6}},"11":{"start":{"line":54,"column":2},"end":{"line":65,"column":3}},"12":{"start":{"line":55,"column":4},"end":{"line":64,"column":6}},"13":{"start":{"line":67,"column":33},"end":{"line":67,"column":72}},"14":{"start":{"line":68,"column":16},"end":{"line":68,"column":66}},"15":{"start":{"line":70,"column":2},"end":{"line":81,"column":3}},"16":{"start":{"line":71,"column":4},"end":{"line":80,"column":6}},"17":{"start":{"line":83,"column":16},"end":{"line":83,"column":59}},"18":{"start":{"line":84,"column":34},"end":{"line":84,"column":80}},"19":{"start":{"line":86,"column":2},"end":{"line":97,"column":3}},"20":{"start":{"line":87,"column":4},"end":{"line":96,"column":6}},"21":{"start":{"line":99,"column":2},"end":{"line":108,"column":4}}},"fnMap":{"0":{"name":"toTimestamp","decl":{"start":{"line":27,"column":9},"end":{"line":27,"column":20}},"loc":{"start":{"line":27,"column":50},"end":{"line":33,"column":1}}},"1":{"name":"assessIndexerHealth","decl":{"start":{"line":35,"column":16},"end":{"line":35,"column":35}},"loc":{"start":{"line":36,"column":38},"end":{"line":109,"column":1}}}},"branchMap":{"0":{"loc":{"start":{"line":28,"column":2},"end":{"line":28,"column":52}},"type":"if","locations":[{"start":{"line":28,"column":2},"end":{"line":28,"column":52}}]},"1":{"loc":{"start":{"line":29,"column":2},"end":{"line":29,"column":46}},"type":"if","locations":[{"start":{"line":29,"column":2},"end":{"line":29,"column":46}}]},"2":{"loc":{"start":{"line":32,"column":9},"end":{"line":32,"column":45}},"type":"cond-expr","locations":[{"start":{"line":32,"column":32},"end":{"line":32,"column":36}},{"start":{"line":32,"column":39},"end":{"line":32,"column":45}}]},"3":{"loc":{"start":{"line":36,"column":2},"end":{"line":36,"column":38}},"type":"default-arg","locations":[{"start":{"line":36,"column":36},"end":{"line":36,"column":38}}]},"4":{"loc":{"start":{"line":38,"column":22},"end":{"line":38,"column":82}},"type":"binary-expr","locations":[{"start":{"line":38,"column":22},"end":{"line":38,"column":44}},{"start":{"line":38,"column":48},"end":{"line":38,"column":82}}]},"5":{"loc":{"start":{"line":39,"column":18},"end":{"line":39,"column":40}},"type":"binary-expr","locations":[{"start":{"line":39,"column":18},"end":{"line":39,"column":31}},{"start":{"line":39,"column":35},"end":{"line":39,"column":40}}]},"6":{"loc":{"start":{"line":41,"column":2},"end":{"line":52,"column":3}},"type":"if","locations":[{"start":{"line":41,"column":2},"end":{"line":52,"column":3}}]},"7":{"loc":{"start":{"line":54,"column":2},"end":{"line":65,"column":3}},"type":"if","locations":[{"start":{"line":54,"column":2},"end":{"line":65,"column":3}}]},"8":{"loc":{"start":{"line":68,"column":16},"end":{"line":68,"column":66}},"type":"binary-expr","locations":[{"start":{"line":68,"column":16},"end":{"line":68,"column":52}},{"start":{"line":68,"column":56},"end":{"line":68,"column":66}}]},"9":{"loc":{"start":{"line":68,"column":28},"end":{"line":68,"column":51}},"type":"binary-expr","locations":[{"start":{"line":68,"column":28},"end":{"line":68,"column":37}},{"start":{"line":68,"column":41},"end":{"line":68,"column":51}}]},"10":{"loc":{"start":{"line":70,"column":2},"end":{"line":81,"column":3}},"type":"if","locations":[{"start":{"line":70,"column":2},"end":{"line":81,"column":3}}]},"11":{"loc":{"start":{"line":86,"column":2},"end":{"line":97,"column":3}},"type":"if","locations":[{"start":{"line":86,"column":2},"end":{"line":97,"column":3}}]}},"s":{"0":3,"1":14,"2":3,"3":11,"4":5,"5":6,"6":6,"7":15,"8":15,"9":15,"10":7,"11":8,"12":1,"13":7,"14":7,"15":7,"16":1,"17":6,"18":6,"19":6,"20":1,"21":5},"f":{"0":14,"1":15},"b":{"0":[3],"1":[5],"2":[2,4],"3":[0],"4":[15,10],"5":[15,0],"6":[7],"7":[1],"8":[7,1],"9":[7,4],"10":[1],"11":[1]}}
,"C:\\Users\\USER\\Desktop\\Github\\Fluxora-Backend\\src\\lib\\logger.ts": {"path":"C:\\Users\\USER\\Desktop\\Github\\Fluxora-Backend\\src\\lib\\logger.ts","statementMap":{"0":{"start":{"line":25,"column":28},"end":{"line":31,"column":4}},"1":{"start":{"line":32,"column":15},"end":{"line":32,"column":44}},"2":{"start":{"line":33,"column":2},"end":{"line":37,"column":3}},"3":{"start":{"line":34,"column":4},"end":{"line":34,"column":31}},"4":{"start":{"line":36,"column":4},"end":{"line":36,"column":31}},"5":{"start":{"line":40,"column":22},"end":{"line":53,"column":2}},"6":{"start":{"line":42,"column":4},"end":{"line":42,"column":49}},"7":{"start":{"line":45,"column":4},"end":{"line":45,"column":48}},"8":{"start":{"line":48,"column":4},"end":{"line":48,"column":48}},"9":{"start":{"line":51,"column":4},"end":{"line":51,"column":49}}},"fnMap":{"0":{"name":"write","decl":{"start":{"line":22,"column":9},"end":{"line":22,"column":14}},"loc":{"start":{"line":22,"column":103},"end":{"line":38,"column":1}}},"1":{"name":"(anonymous_1)","decl":{"start":{"line":41,"column":2},"end":{"line":41,"column":7}},"loc":{"start":{"line":41,"column":79},"end":{"line":43,"column":3}}},"2":{"name":"(anonymous_2)","decl":{"start":{"line":44,"column":2},"end":{"line":44,"column":6}},"loc":{"start":{"line":44,"column":78},"end":{"line":46,"column":3}}},"3":{"name":"(anonymous_3)","decl":{"start":{"line":47,"column":2},"end":{"line":47,"column":6}},"loc":{"start":{"line":47,"column":78},"end":{"line":49,"column":3}}},"4":{"name":"(anonymous_4)","decl":{"start":{"line":50,"column":2},"end":{"line":50,"column":7}},"loc":{"start":{"line":50,"column":79},"end":{"line":52,"column":3}}}},"branchMap":{"0":{"loc":{"start":{"line":30,"column":8},"end":{"line":30,"column":60}},"type":"cond-expr","locations":[{"start":{"line":30,"column":38},"end":{"line":30,"column":55}},{"start":{"line":30,"column":58},"end":{"line":30,"column":60}}]},"1":{"loc":{"start":{"line":33,"column":2},"end":{"line":37,"column":3}},"type":"if","locations":[{"start":{"line":33,"column":2},"end":{"line":37,"column":3}},{"start":{"line":35,"column":9},"end":{"line":37,"column":3}}]}},"s":{"0":36,"1":36,"2":36,"3":1,"4":35,"5":7,"6":1,"7":26,"8":8,"9":1},"f":{"0":36,"1":1,"2":26,"3":8,"4":1},"b":{"0":[29,7],"1":[1,35]}}
,"C:\\Users\\USER\\Desktop\\Github\\Fluxora-Backend\\src\\middleware\\correlationId.ts": {"path":"C:\\Users\\USER\\Desktop\\Github\\Fluxora-Backend\\src\\middleware\\correlationId.ts","statementMap":{"0":{"start":{"line":22,"column":37},"end":{"line":22,"column":55}},"1":{"start":{"line":25,"column":19},"end":{"line":25,"column":53}},"2":{"start":{"line":27,"column":4},"end":{"line":29,"column":20}},"3":{"start":{"line":31,"column":2},"end":{"line":31,"column":36}},"4":{"start":{"line":32,"column":2},"end":{"line":32,"column":54}},"5":{"start":{"line":33,"column":2},"end":{"line":33,"column":9}}},"fnMap":{"0":{"name":"correlationIdMiddleware","decl":{"start":{"line":24,"column":16},"end":{"line":24,"column":39}},"loc":{"start":{"line":24,"column":87},"end":{"line":34,"column":1}}}},"branchMap":{"0":{"loc":{"start":{"line":27,"column":4},"end":{"line":29,"column":20}},"type":"cond-expr","locations":[{"start":{"line":28,"column":8},"end":{"line":28,"column":23}},{"start":{"line":29,"column":8},"end":{"line":29,"column":20}}]},"1":{"loc":{"start":{"line":27,"column":4},"end":{"line":27,"column":62}},"type":"binary-expr","locations":[{"start":{"line":27,"column":4},"end":{"line":27,"column":32}},{"start":{"line":27,"column":36},"end":{"line":27,"column":62}}]}},"s":{"0":4,"1":46,"2":46,"3":46,"4":46,"5":46},"f":{"0":46},"b":{"0":[1,45],"1":[46,1]}}
,"C:\\Users\\USER\\Desktop\\Github\\Fluxora-Backend\\src\\middleware\\errorHandler.ts": {"path":"C:\\Users\\USER\\Desktop\\Github\\Fluxora-Backend\\src\\middleware\\errorHandler.ts","statementMap":{"0":{"start":{"line":9,"column":0},"end":{"line":9,"column":null}},"1":{"start":{"line":10,"column":2},"end":{"line":10,"column":null}},"2":{"start":{"line":11,"column":2},"end":{"line":11,"column":null}},"3":{"start":{"line":12,"column":2},"end":{"line":12,"column":null}},"4":{"start":{"line":13,"column":2},"end":{"line":13,"column":null}},"5":{"start":{"line":14,"column":2},"end":{"line":14,"column":null}},"6":{"start":{"line":15,"column":2},"end":{"line":15,"column":null}},"7":{"start":{"line":16,"column":2},"end":{"line":16,"column":null}},"8":{"start":{"line":26,"column":4},"end":{"line":26,"column":19}},"9":{"start":{"line":21,"column":20},"end":{"line":21,"column":38}},"10":{"start":{"line":23,"column":20},"end":{"line":23,"column":41}},"11":{"start":{"line":24,"column":20},"end":{"line":24,"column":37}},"12":{"start":{"line":27,"column":4},"end":{"line":27,"column":27}},"13":{"start":{"line":32,"column":40},"end":{"line":32,"column":57}},"14":{"start":{"line":33,"column":2},"end":{"line":37,"column":3}},"15":{"start":{"line":34,"column":4},"end":{"line":34,"column":100}},"16":{"start":{"line":35,"column":4},"end":{"line":35,"column":166}},"17":{"start":{"line":36,"column":4},"end":{"line":36,"column":11}},"18":{"start":{"line":38,"column":2},"end":{"line":42,"column":3}},"19":{"start":{"line":39,"column":4},"end":{"line":39,"column":123}},"20":{"start":{"line":40,"column":4},"end":{"line":40,"column":122}},"21":{"start":{"line":41,"column":4},"end":{"line":41,"column":11}},"22":{"start":{"line":43,"column":12},"end":{"line":43,"column":63}},"23":{"start":{"line":44,"column":2},"end":{"line":44,"column":106}},"24":{"start":{"line":45,"column":2},"end":{"line":45,"column":126}},"25":{"start":{"line":49,"column":2},"end":{"line":49,"column":65}},"26":{"start":{"line":49,"column":31},"end":{"line":49,"column":62}},"27":{"start":{"line":53,"column":2},"end":{"line":53,"column":129}},"28":{"start":{"line":57,"column":2},"end":{"line":57,"column":76}},"29":{"start":{"line":61,"column":2},"end":{"line":61,"column":68}},"30":{"start":{"line":65,"column":2},"end":{"line":65,"column":70}}},"fnMap":{"0":{"name":"(anonymous_0)","decl":{"start":{"line":9,"column":0},"end":{"line":9,"column":6}},"loc":{"start":{"line":9,"column":24},"end":{"line":17,"column":1}}},"1":{"name":"(anonymous_1)","decl":{"start":{"line":20,"column":2},"end":{"line":20,"column":null}},"loc":{"start":{"line":24,"column":37},"end":{"line":28,"column":3}}},"2":{"name":"errorHandler","decl":{"start":{"line":31,"column":16},"end":{"line":31,"column":28}},"loc":{"start":{"line":31,"column":91},"end":{"line":46,"column":1}}},"3":{"name":"asyncHandler","decl":{"start":{"line":48,"column":16},"end":{"line":48,"column":28}},"loc":{"start":{"line":48,"column":99},"end":{"line":50,"column":1}}},"4":{"name":"(anonymous_4)","decl":{"start":{"line":49,"column":9},"end":{"line":49,"column":10}},"loc":{"start":{"line":49,"column":28},"end":{"line":49,"column":64}}},"5":{"name":"notFound","decl":{"start":{"line":52,"column":16},"end":{"line":52,"column":24}},"loc":{"start":{"line":52,"column":54},"end":{"line":54,"column":1}}},"6":{"name":"validationError","decl":{"start":{"line":56,"column":16},"end":{"line":56,"column":31}},"loc":{"start":{"line":56,"column":66},"end":{"line":58,"column":1}}},"7":{"name":"conflictError","decl":{"start":{"line":60,"column":16},"end":{"line":60,"column":29}},"loc":{"start":{"line":60,"column":64},"end":{"line":62,"column":1}}},"8":{"name":"serviceUnavailable","decl":{"start":{"line":64,"column":16},"end":{"line":64,"column":34}},"loc":{"start":{"line":64,"column":50},"end":{"line":66,"column":1}}}},"branchMap":{"0":{"loc":{"start":{"line":9,"column":12},"end":{"line":9,"column":null}},"type":"binary-expr","locations":[{"start":{"line":9,"column":12},"end":{"line":9,"column":24}},{"start":{"line":9,"column":12},"end":{"line":9,"column":null}}]},"1":{"loc":{"start":{"line":23,"column":20},"end":{"line":23,"column":44}},"type":"default-arg","locations":[{"start":{"line":23,"column":41},"end":{"line":23,"column":44}}]},"2":{"loc":{"start":{"line":33,"column":2},"end":{"line":37,"column":3}},"type":"if","locations":[{"start":{"line":33,"column":2},"end":{"line":37,"column":3}}]},"3":{"loc":{"start":{"line":34,"column":41},"end":{"line":34,"column":63}},"type":"binary-expr","locations":[{"start":{"line":34,"column":41},"end":{"line":34,"column":50}},{"start":{"line":34,"column":54},"end":{"line":34,"column":63}}]},"4":{"loc":{"start":{"line":38,"column":2},"end":{"line":42,"column":3}},"type":"if","locations":[{"start":{"line":38,"column":2},"end":{"line":42,"column":3}}]},"5":{"loc":{"start":{"line":43,"column":12},"end":{"line":43,"column":63}},"type":"cond-expr","locations":[{"start":{"line":43,"column":35},"end":{"line":43,"column":38}},{"start":{"line":43,"column":41},"end":{"line":43,"column":63}}]},"6":{"loc":{"start":{"line":53,"column":46},"end":{"line":53,"column":122}},"type":"cond-expr","locations":[{"start":{"line":53,"column":65},"end":{"line":53,"column":96}},{"start":{"line":53,"column":99},"end":{"line":53,"column":122}}]}},"s":{"0":4,"1":4,"2":4,"3":4,"4":4,"5":4,"6":4,"7":4,"8":22,"9":22,"10":22,"11":22,"12":22,"13":16,"14":16,"15":2,"16":2,"17":2,"18":14,"19":12,"20":12,"21":12,"22":2,"23":2,"24":2,"25":19,"26":37,"27":3,"28":9,"29":2,"30":1},"f":{"0":4,"1":22,"2":16,"3":19,"4":37,"5":3,"6":9,"7":2,"8":1},"b":{"0":[4,4],"1":[0],"2":[2],"3":[2,1],"4":[12],"5":[1,1],"6":[2,1]}}
,"C:\\Users\\USER\\Desktop\\Github\\Fluxora-Backend\\src\\middleware\\idempotency.ts": {"path":"C:\\Users\\USER\\Desktop\\Github\\Fluxora-Backend\\src\\middleware\\idempotency.ts","statementMap":{"0":{"start":{"line":28,"column":34},"end":{"line":28,"column":51}},"1":{"start":{"line":29,"column":32},"end":{"line":29,"column":38}},"2":{"start":{"line":30,"column":20},"end":{"line":30,"column":42}},"3":{"start":{"line":38,"column":2},"end":{"line":38,"column":56}},"4":{"start":{"line":51,"column":17},"end":{"line":51,"column":48}},"5":{"start":{"line":54,"column":2},"end":{"line":57,"column":3}},"6":{"start":{"line":55,"column":4},"end":{"line":55,"column":11}},"7":{"start":{"line":56,"column":4},"end":{"line":56,"column":11}},"8":{"start":{"line":59,"column":14},"end":{"line":59,"column":56}},"9":{"start":{"line":61,"column":2},"end":{"line":71,"column":3}},"10":{"start":{"line":62,"column":4},"end":{"line":69,"column":7}},"11":{"start":{"line":70,"column":4},"end":{"line":70,"column":11}},"12":{"start":{"line":73,"column":19},"end":{"line":73,"column":65}},"13":{"start":{"line":74,"column":16},"end":{"line":74,"column":32}},"14":{"start":{"line":77,"column":2},"end":{"line":115,"column":7}},"15":{"start":{"line":78,"column":4},"end":{"line":95,"column":5}},"16":{"start":{"line":79,"column":21},"end":{"line":79,"column":62}},"17":{"start":{"line":81,"column":6},"end":{"line":89,"column":7}},"18":{"start":{"line":82,"column":8},"end":{"line":85,"column":11}},"19":{"start":{"line":86,"column":8},"end":{"line":86,"column":53}},"20":{"start":{"line":87,"column":8},"end":{"line":87,"column":52}},"21":{"start":{"line":88,"column":8},"end":{"line":88,"column":15}},"22":{"start":{"line":92,"column":6},"end":{"line":94,"column":9}},"23":{"start":{"line":98,"column":25},"end":{"line":98,"column":43}},"24":{"start":{"line":99,"column":4},"end":{"line":112,"column":6}},"25":{"start":{"line":101,"column":6},"end":{"line":110,"column":7}},"26":{"start":{"line":102,"column":8},"end":{"line":109,"column":13}},"27":{"start":{"line":105,"column":12},"end":{"line":108,"column":15}},"28":{"start":{"line":111,"column":6},"end":{"line":111,"column":32}},"29":{"start":{"line":114,"column":4},"end":{"line":114,"column":11}}},"fnMap":{"0":{"name":"buildIdempotencyKey","decl":{"start":{"line":37,"column":9},"end":{"line":37,"column":28}},"loc":{"start":{"line":37,"column":70},"end":{"line":39,"column":1}}},"1":{"name":"idempotencyMiddleware","decl":{"start":{"line":46,"column":16},"end":{"line":46,"column":37}},"loc":{"start":{"line":49,"column":20},"end":{"line":116,"column":1}}},"2":{"name":"(anonymous_2)","decl":{"start":{"line":77,"column":8},"end":{"line":77,"column":13}},"loc":{"start":{"line":77,"column":19},"end":{"line":115,"column":3}}},"3":{"name":"(anonymous_3)","decl":{"start":{"line":99,"column":15},"end":{"line":99,"column":25}},"loc":{"start":{"line":99,"column":38},"end":{"line":112,"column":5}}},"4":{"name":"(anonymous_4)","decl":{"start":{"line":104,"column":17},"end":{"line":104,"column":18}},"loc":{"start":{"line":104,"column":34},"end":{"line":109,"column":11}}}},"branchMap":{"0":{"loc":{"start":{"line":54,"column":2},"end":{"line":57,"column":3}},"type":"if","locations":[{"start":{"line":54,"column":2},"end":{"line":57,"column":3}}]},"1":{"loc":{"start":{"line":59,"column":14},"end":{"line":59,"column":56}},"type":"cond-expr","locations":[{"start":{"line":59,"column":38},"end":{"line":59,"column":47}},{"start":{"line":59,"column":50},"end":{"line":59,"column":56}}]},"2":{"loc":{"start":{"line":61,"column":2},"end":{"line":71,"column":3}},"type":"if","locations":[{"start":{"line":61,"column":2},"end":{"line":71,"column":3}}]},"3":{"loc":{"start":{"line":61,"column":6},"end":{"line":61,"column":49}},"type":"binary-expr","locations":[{"start":{"line":61,"column":6},"end":{"line":61,"column":23}},{"start":{"line":61,"column":27},"end":{"line":61,"column":49}}]},"4":{"loc":{"start":{"line":81,"column":6},"end":{"line":89,"column":7}},"type":"if","locations":[{"start":{"line":81,"column":6},"end":{"line":89,"column":7}}]},"5":{"loc":{"start":{"line":93,"column":15},"end":{"line":93,"column":63}},"type":"cond-expr","locations":[{"start":{"line":93,"column":38},"end":{"line":93,"column":49}},{"start":{"line":93,"column":52},"end":{"line":93,"column":63}}]},"6":{"loc":{"start":{"line":101,"column":6},"end":{"line":110,"column":7}},"type":"if","locations":[{"start":{"line":101,"column":6},"end":{"line":110,"column":7}}]},"7":{"loc":{"start":{"line":101,"column":10},"end":{"line":101,"column":55}},"type":"binary-expr","locations":[{"start":{"line":101,"column":10},"end":{"line":101,"column":31}},{"start":{"line":101,"column":35},"end":{"line":101,"column":55}}]},"8":{"loc":{"start":{"line":107,"column":21},"end":{"line":107,"column":69}},"type":"cond-expr","locations":[{"start":{"line":107,"column":44},"end":{"line":107,"column":55}},{"start":{"line":107,"column":58},"end":{"line":107,"column":69}}]}},"s":{"0":3,"1":3,"2":3,"3":9,"4":13,"5":13,"6":2,"7":2,"8":11,"9":11,"10":2,"11":2,"12":9,"13":9,"14":9,"15":9,"16":9,"17":8,"18":1,"19":1,"20":1,"21":1,"22":1,"23":8,"24":8,"25":8,"26":6,"27":1,"28":8,"29":8},"f":{"0":9,"1":13,"2":9,"3":8,"4":1},"b":{"0":[2],"1":[0,11],"2":[2],"3":[11,11],"4":[1],"5":[1,0],"6":[6],"7":[8,8],"8":[1,0]}}
,"C:\\Users\\USER\\Desktop\\Github\\Fluxora-Backend\\src\\middleware\\rateLimit.ts": {"path":"C:\\Users\\USER\\Desktop\\Github\\Fluxora-Backend\\src\\middleware\\rateLimit.ts","statementMap":{"0":{"start":{"line":34,"column":42},"end":{"line":38,"column":2}},"1":{"start":{"line":44,"column":20},"end":{"line":44,"column":50}},"2":{"start":{"line":45,"column":2},"end":{"line":49,"column":3}},"3":{"start":{"line":46,"column":18},"end":{"line":46,"column":41}},"4":{"start":{"line":58,"column":17},"end":{"line":58,"column":64}},"5":{"start":{"line":59,"column":2},"end":{"line":59,"column":45}},"6":{"start":{"line":69,"column":33},"end":{"line":69,"column":67}},"7":{"start":{"line":71,"column":2},"end":{"line":118,"column":4}},"8":{"start":{"line":76,"column":18},"end":{"line":76,"column":34}},"9":{"start":{"line":77,"column":15},"end":{"line":77,"column":31}},"10":{"start":{"line":78,"column":16},"end":{"line":78,"column":72}},"11":{"start":{"line":80,"column":4},"end":{"line":115,"column":5}},"12":{"start":{"line":81,"column":22},"end":{"line":81,"column":50}},"13":{"start":{"line":82,"column":20},"end":{"line":82,"column":38}},"14":{"start":{"line":84,"column":6},"end":{"line":102,"column":7}},"15":{"start":{"line":85,"column":27},"end":{"line":85,"column":45}},"16":{"start":{"line":86,"column":8},"end":{"line":86,"column":57}},"17":{"start":{"line":87,"column":8},"end":{"line":87,"column":61}},"18":{"start":{"line":88,"column":8},"end":{"line":88,"column":52}},"19":{"start":{"line":89,"column":8},"end":{"line":89,"column":94}},"20":{"start":{"line":91,"column":8},"end":{"line":91,"column":92}},"21":{"start":{"line":93,"column":8},"end":{"line":100,"column":11}},"22":{"start":{"line":101,"column":8},"end":{"line":101,"column":15}},"23":{"start":{"line":105,"column":6},"end":{"line":105,"column":54}},"24":{"start":{"line":107,"column":6},"end":{"line":107,"column":59}},"25":{"start":{"line":108,"column":6},"end":{"line":108,"column":84}},"26":{"start":{"line":109,"column":6},"end":{"line":109,"column":100}},"27":{"start":{"line":112,"column":6},"end":{"line":114,"column":9}},"28":{"start":{"line":117,"column":4},"end":{"line":117,"column":11}}},"fnMap":{"0":{"name":"getClientIp","decl":{"start":{"line":43,"column":9},"end":{"line":43,"column":20}},"loc":{"start":{"line":43,"column":33},"end":{"line":52,"column":1}}},"1":{"name":"buildKey","decl":{"start":{"line":57,"column":9},"end":{"line":57,"column":17}},"loc":{"start":{"line":57,"column":67},"end":{"line":60,"column":1}}},"2":{"name":"createRateLimiter","decl":{"start":{"line":68,"column":16},"end":{"line":68,"column":33}},"loc":{"start":{"line":68,"column":73},"end":{"line":119,"column":1}}},"3":{"name":"rateLimitMiddleware","decl":{"start":{"line":71,"column":24},"end":{"line":71,"column":43}},"loc":{"start":{"line":74,"column":22},"end":{"line":118,"column":3}}}},"branchMap":{"0":{"loc":{"start":{"line":45,"column":2},"end":{"line":49,"column":3}},"type":"if","locations":[{"start":{"line":45,"column":2},"end":{"line":49,"column":3}}]},"1":{"loc":{"start":{"line":68,"column":34},"end":{"line":68,"column":73}},"type":"default-arg","locations":[{"start":{"line":68,"column":71},"end":{"line":68,"column":73}}]},"2":{"loc":{"start":{"line":78,"column":25},"end":{"line":78,"column":47}},"type":"binary-expr","locations":[{"start":{"line":78,"column":25},"end":{"line":78,"column":39}},{"start":{"line":78,"column":43},"end":{"line":78,"column":47}}]},"3":{"loc":{"start":{"line":82,"column":21},"end":{"line":82,"column":33}},"type":"binary-expr","locations":[{"start":{"line":82,"column":21},"end":{"line":82,"column":28}},{"start":{"line":82,"column":32},"end":{"line":82,"column":33}}]},"4":{"loc":{"start":{"line":84,"column":6},"end":{"line":102,"column":7}},"type":"if","locations":[{"start":{"line":84,"column":6},"end":{"line":102,"column":7}}]},"5":{"loc":{"start":{"line":113,"column":15},"end":{"line":113,"column":63}},"type":"cond-expr","locations":[{"start":{"line":113,"column":38},"end":{"line":113,"column":49}},{"start":{"line":113,"column":52},"end":{"line":113,"column":63}}]}},"s":{"0":3,"1":17,"2":17,"3":3,"4":17,"5":17,"6":14,"7":14,"8":17,"9":17,"10":17,"11":17,"12":17,"13":16,"14":16,"15":4,"16":4,"17":4,"18":4,"19":4,"20":4,"21":4,"22":4,"23":12,"24":12,"25":12,"26":12,"27":1,"28":13},"f":{"0":17,"1":17,"2":14,"3":17},"b":{"0":[3],"1":[0],"2":[17,0],"3":[16,12],"4":[4],"5":[1,0]}}
,"C:\\Users\\USER\\Desktop\\Github\\Fluxora-Backend\\src\\middleware\\requestLogger.ts": {"path":"C:\\Users\\USER\\Desktop\\Github\\Fluxora-Backend\\src\\middleware\\requestLogger.ts","statementMap":{"0":{"start":{"line":15,"column":28},"end":{"line":15,"column":31}},"1":{"start":{"line":16,"column":18},"end":{"line":16,"column":28}},"2":{"start":{"line":18,"column":2},"end":{"line":22,"column":5}},"3":{"start":{"line":24,"column":2},"end":{"line":31,"column":5}},"4":{"start":{"line":25,"column":4},"end":{"line":30,"column":7}},"5":{"start":{"line":33,"column":2},"end":{"line":33,"column":9}}},"fnMap":{"0":{"name":"requestLoggerMiddleware","decl":{"start":{"line":14,"column":16},"end":{"line":14,"column":39}},"loc":{"start":{"line":14,"column":87},"end":{"line":34,"column":1}}},"1":{"name":"(anonymous_1)","decl":{"start":{"line":24,"column":19},"end":{"line":24,"column":22}},"loc":{"start":{"line":24,"column":24},"end":{"line":31,"column":3}}}},"branchMap":{},"s":{"0":10,"1":10,"2":10,"3":10,"4":10,"5":10},"f":{"0":10,"1":10},"b":{}}
,"C:\\Users\\USER\\Desktop\\Github\\Fluxora-Backend\\src\\routes\\health.ts": {"path":"C:\\Users\\USER\\Desktop\\Github\\Fluxora-Backend\\src\\routes\\health.ts","statementMap":{"0":{"start":{"line":6,"column":28},"end":{"line":6,"column":44}},"1":{"start":{"line":17,"column":0},"end":{"line":37,"column":3}},"2":{"start":{"line":18,"column":18},"end":{"line":18,"column":57}},"3":{"start":{"line":19,"column":26},"end":{"line":19,"column":87}},"4":{"start":{"line":22,"column":16},"end":{"line":22,"column":32}},"5":{"start":{"line":23,"column":20},"end":{"line":23,"column":38}},"6":{"start":{"line":24,"column":22},"end":{"line":24,"column":59}},"7":{"start":{"line":26,"column":17},"end":{"line":26,"column":52}},"8":{"start":{"line":28,"column":2},"end":{"line":36,"column":5}}},"fnMap":{"0":{"name":"(anonymous_0)","decl":{"start":{"line":17,"column":22},"end":{"line":17,"column":27}},"loc":{"start":{"line":17,"column":61},"end":{"line":37,"column":1}}}},"branchMap":{"0":{"loc":{"start":{"line":19,"column":26},"end":{"line":19,"column":87}},"type":"binary-expr","locations":[{"start":{"line":19,"column":26},"end":{"line":19,"column":54}},{"start":{"line":19,"column":58},"end":{"line":19,"column":87}}]},"1":{"loc":{"start":{"line":24,"column":22},"end":{"line":24,"column":59}},"type":"cond-expr","locations":[{"start":{"line":24,"column":34},"end":{"line":24,"column":43}},{"start":{"line":24,"column":46},"end":{"line":24,"column":59}}]},"2":{"loc":{"start":{"line":26,"column":17},"end":{"line":26,"column":52}},"type":"cond-expr","locations":[{"start":{"line":26,"column":35},"end":{"line":26,"column":45}},{"start":{"line":26,"column":48},"end":{"line":26,"column":52}}]}},"s":{"0":2,"1":2,"2":6,"3":6,"4":6,"5":6,"6":6,"7":6,"8":6},"f":{"0":6},"b":{"0":[6,6],"1":[5,1],"2":[0,6]}}
,"C:\\Users\\USER\\Desktop\\Github\\Fluxora-Backend\\src\\routes\\streams.ts": {"path":"C:\\Users\\USER\\Desktop\\Github\\Fluxora-Backend\\src\\routes\\streams.ts","statementMap":{"0":{"start":{"line":8,"column":29},"end":{"line":8,"column":45}},"1":{"start":{"line":10,"column":22},"end":{"line":10,"column":65}},"2":{"start":{"line":23,"column":26},"end":{"line":23,"column":28}},"3":{"start":{"line":25,"column":41},"end":{"line":25,"column":45}},"4":{"start":{"line":29,"column":2},"end":{"line":29,"column":26}},"5":{"start":{"line":33,"column":2},"end":{"line":33,"column":44}},"6":{"start":{"line":36,"column":0},"end":{"line":54,"column":2}},"7":{"start":{"line":39,"column":18},"end":{"line":39,"column":28}},"8":{"start":{"line":40,"column":21},"end":{"line":40,"column":42}},"9":{"start":{"line":41,"column":19},"end":{"line":41,"column":82}},"10":{"start":{"line":42,"column":4},"end":{"line":47,"column":5}},"11":{"start":{"line":43,"column":6},"end":{"line":43,"column":51}},"12":{"start":{"line":44,"column":6},"end":{"line":44,"column":38}},"13":{"start":{"line":45,"column":6},"end":{"line":45,"column":23}},"14":{"start":{"line":46,"column":6},"end":{"line":46,"column":13}},"15":{"start":{"line":48,"column":4},"end":{"line":48,"column":59}},"16":{"start":{"line":49,"column":20},"end":{"line":49,"column":54}},"17":{"start":{"line":50,"column":4},"end":{"line":50,"column":56}},"18":{"start":{"line":51,"column":4},"end":{"line":51,"column":37}},"19":{"start":{"line":52,"column":4},"end":{"line":52,"column":22}},"20":{"start":{"line":56,"column":0},"end":{"line":76,"column":2}},"21":{"start":{"line":59,"column":19},"end":{"line":59,"column":29}},"22":{"start":{"line":60,"column":18},"end":{"line":60,"column":28}},"23":{"start":{"line":61,"column":21},"end":{"line":61,"column":46}},"24":{"start":{"line":62,"column":19},"end":{"line":62,"column":52}},"25":{"start":{"line":63,"column":4},"end":{"line":68,"column":5}},"26":{"start":{"line":64,"column":6},"end":{"line":64,"column":50}},"27":{"start":{"line":65,"column":6},"end":{"line":65,"column":38}},"28":{"start":{"line":66,"column":6},"end":{"line":66,"column":23}},"29":{"start":{"line":67,"column":6},"end":{"line":67,"column":13}},"30":{"start":{"line":69,"column":4},"end":{"line":69,"column":71}},"31":{"start":{"line":70,"column":19},"end":{"line":70,"column":51}},"32":{"start":{"line":70,"column":39},"end":{"line":70,"column":50}},"33":{"start":{"line":71,"column":4},"end":{"line":71,"column":46}},"34":{"start":{"line":71,"column":17},"end":{"line":71,"column":46}},"35":{"start":{"line":72,"column":4},"end":{"line":72,"column":50}},"36":{"start":{"line":73,"column":4},"end":{"line":73,"column":37}},"37":{"start":{"line":74,"column":4},"end":{"line":74,"column":21}},"38":{"start":{"line":78,"column":0},"end":{"line":143,"column":2}},"39":{"start":{"line":81,"column":17},"end":{"line":81,"column":52}},"40":{"start":{"line":82,"column":84},"end":{"line":82,"column":88}},"41":{"start":{"line":83,"column":26},"end":{"line":83,"column":43}},"42":{"start":{"line":84,"column":4},"end":{"line":84,"column":51}},"43":{"start":{"line":85,"column":4},"end":{"line":87,"column":5}},"44":{"start":{"line":86,"column":6},"end":{"line":86,"column":65}},"45":{"start":{"line":88,"column":4},"end":{"line":90,"column":5}},"46":{"start":{"line":89,"column":6},"end":{"line":89,"column":68}},"47":{"start":{"line":91,"column":29},"end":{"line":93,"column":null}},"48":{"start":{"line":95,"column":4},"end":{"line":105,"column":5}},"49":{"start":{"line":96,"column":6},"end":{"line":98,"column":7}},"50":{"start":{"line":97,"column":8},"end":{"line":97,"column":108}},"51":{"start":{"line":99,"column":6},"end":{"line":104,"column":8}},"52":{"start":{"line":103,"column":54},"end":{"line":103,"column":106}},"53":{"start":{"line":106,"column":26},"end":{"line":106,"column":79}},"54":{"start":{"line":107,"column":35},"end":{"line":107,"column":113}},"55":{"start":{"line":108,"column":4},"end":{"line":110,"column":5}},"56":{"start":{"line":109,"column":6},"end":{"line":109,"column":116}},"57":{"start":{"line":109,"column":51},"end":{"line":109,"column":116}},"58":{"start":{"line":111,"column":23},"end":{"line":111,"column":76}},"59":{"start":{"line":112,"column":35},"end":{"line":112,"column":104}},"60":{"start":{"line":113,"column":4},"end":{"line":115,"column":5}},"61":{"start":{"line":114,"column":6},"end":{"line":114,"column":108}},"62":{"start":{"line":114,"column":50},"end":{"line":114,"column":108}},"63":{"start":{"line":116,"column":29},"end":{"line":116,"column":58}},"64":{"start":{"line":117,"column":4},"end":{"line":122,"column":5}},"65":{"start":{"line":118,"column":6},"end":{"line":120,"column":7}},"66":{"start":{"line":119,"column":8},"end":{"line":119,"column":74}},"67":{"start":{"line":121,"column":6},"end":{"line":121,"column":37}},"68":{"start":{"line":123,"column":27},"end":{"line":123,"column":28}},"69":{"start":{"line":124,"column":4},"end":{"line":129,"column":5}},"70":{"start":{"line":125,"column":6},"end":{"line":127,"column":7}},"71":{"start":{"line":126,"column":8},"end":{"line":126,"column":72}},"72":{"start":{"line":128,"column":6},"end":{"line":128,"column":33}},"73":{"start":{"line":130,"column":15},"end":{"line":130,"column":79}},"74":{"start":{"line":131,"column":27},"end":{"line":135,"column":6}},"75":{"start":{"line":136,"column":4},"end":{"line":136,"column":25}},"76":{"start":{"line":137,"column":4},"end":{"line":137,"column":59}},"77":{"start":{"line":138,"column":4},"end":{"line":138,"column":50}},"78":{"start":{"line":139,"column":18},"end":{"line":139,"column":28}},"79":{"start":{"line":140,"column":4},"end":{"line":140,"column":110}},"80":{"start":{"line":141,"column":4},"end":{"line":141,"column":33}},"81":{"start":{"line":145,"column":0},"end":{"line":166,"column":2}},"82":{"start":{"line":148,"column":19},"end":{"line":148,"column":29}},"83":{"start":{"line":149,"column":4},"end":{"line":149,"column":73}},"84":{"start":{"line":150,"column":18},"end":{"line":150,"column":55}},"85":{"start":{"line":150,"column":43},"end":{"line":150,"column":54}},"86":{"start":{"line":151,"column":4},"end":{"line":151,"column":51}},"87":{"start":{"line":151,"column":22},"end":{"line":151,"column":51}},"88":{"start":{"line":152,"column":19},"end":{"line":152,"column":33}},"89":{"start":{"line":153,"column":4},"end":{"line":153,"column":59}},"90":{"start":{"line":153,"column":30},"end":{"line":153,"column":59}},"91":{"start":{"line":154,"column":4},"end":{"line":156,"column":5}},"92":{"start":{"line":155,"column":6},"end":{"line":155,"column":102}},"93":{"start":{"line":157,"column":4},"end":{"line":159,"column":5}},"94":{"start":{"line":158,"column":6},"end":{"line":158,"column":107}},"95":{"start":{"line":160,"column":4},"end":{"line":160,"column":56}},"96":{"start":{"line":161,"column":4},"end":{"line":161,"column":71}},"97":{"start":{"line":162,"column":18},"end":{"line":162,"column":28}},"98":{"start":{"line":163,"column":4},"end":{"line":163,"column":96}},"99":{"start":{"line":164,"column":4},"end":{"line":164,"column":50}}},"fnMap":{"0":{"name":"setStreamsCache","decl":{"start":{"line":28,"column":16},"end":{"line":28,"column":31}},"loc":{"start":{"line":28,"column":58},"end":{"line":30,"column":1}}},"1":{"name":"getCache","decl":{"start":{"line":32,"column":9},"end":{"line":32,"column":17}},"loc":{"start":{"line":32,"column":17},"end":{"line":34,"column":1}}},"2":{"name":"(anonymous_2)","decl":{"start":{"line":38,"column":15},"end":{"line":38,"column":20}},"loc":{"start":{"line":38,"column":54},"end":{"line":53,"column":3}}},"3":{"name":"(anonymous_3)","decl":{"start":{"line":58,"column":15},"end":{"line":58,"column":20}},"loc":{"start":{"line":58,"column":53},"end":{"line":75,"column":3}}},"4":{"name":"(anonymous_4)","decl":{"start":{"line":70,"column":32},"end":{"line":70,"column":33}},"loc":{"start":{"line":70,"column":39},"end":{"line":70,"column":50}}},"5":{"name":"(anonymous_5)","decl":{"start":{"line":80,"column":15},"end":{"line":80,"column":20}},"loc":{"start":{"line":80,"column":53},"end":{"line":142,"column":3}}},"6":{"name":"(anonymous_6)","decl":{"start":{"line":103,"column":46},"end":{"line":103,"column":47}},"loc":{"start":{"line":103,"column":54},"end":{"line":103,"column":106}}},"7":{"name":"(anonymous_7)","decl":{"start":{"line":147,"column":15},"end":{"line":147,"column":20}},"loc":{"start":{"line":147,"column":53},"end":{"line":165,"column":3}}},"8":{"name":"(anonymous_8)","decl":{"start":{"line":150,"column":36},"end":{"line":150,"column":37}},"loc":{"start":{"line":150,"column":43},"end":{"line":150,"column":54}}}},"branchMap":{"0":{"loc":{"start":{"line":33,"column":9},"end":{"line":33,"column":43}},"type":"binary-expr","locations":[{"start":{"line":33,"column":9},"end":{"line":33,"column":23}},{"start":{"line":33,"column":27},"end":{"line":33,"column":43}}]},"1":{"loc":{"start":{"line":42,"column":4},"end":{"line":47,"column":5}},"type":"if","locations":[{"start":{"line":42,"column":4},"end":{"line":47,"column":5}}]},"2":{"loc":{"start":{"line":61,"column":37},"end":{"line":61,"column":45}},"type":"binary-expr","locations":[{"start":{"line":61,"column":37},"end":{"line":61,"column":39}},{"start":{"line":61,"column":43},"end":{"line":61,"column":45}}]},"3":{"loc":{"start":{"line":63,"column":4},"end":{"line":68,"column":5}},"type":"if","locations":[{"start":{"line":63,"column":4},"end":{"line":68,"column":5}}]},"4":{"loc":{"start":{"line":71,"column":4},"end":{"line":71,"column":46}},"type":"if","locations":[{"start":{"line":71,"column":4},"end":{"line":71,"column":46}}]},"5":{"loc":{"start":{"line":85,"column":4},"end":{"line":87,"column":5}},"type":"if","locations":[{"start":{"line":85,"column":4},"end":{"line":87,"column":5}}]},"6":{"loc":{"start":{"line":85,"column":8},"end":{"line":85,"column":58}},"type":"binary-expr","locations":[{"start":{"line":85,"column":8},"end":{"line":85,"column":34}},{"start":{"line":85,"column":38},"end":{"line":85,"column":58}}]},"7":{"loc":{"start":{"line":88,"column":4},"end":{"line":90,"column":5}},"type":"if","locations":[{"start":{"line":88,"column":4},"end":{"line":90,"column":5}}]},"8":{"loc":{"start":{"line":88,"column":8},"end":{"line":88,"column":64}},"type":"binary-expr","locations":[{"start":{"line":88,"column":8},"end":{"line":88,"column":37}},{"start":{"line":88,"column":41},"end":{"line":88,"column":64}}]},"9":{"loc":{"start":{"line":95,"column":4},"end":{"line":105,"column":5}},"type":"if","locations":[{"start":{"line":95,"column":4},"end":{"line":105,"column":5}}]},"10":{"loc":{"start":{"line":97,"column":45},"end":{"line":97,"column":67}},"type":"binary-expr","locations":[{"start":{"line":97,"column":45},"end":{"line":97,"column":54}},{"start":{"line":97,"column":58},"end":{"line":97,"column":67}}]},"11":{"loc":{"start":{"line":107,"column":35},"end":{"line":107,"column":113}},"type":"cond-expr","locations":[{"start":{"line":107,"column":88},"end":{"line":107,"column":107}},{"start":{"line":107,"column":110},"end":{"line":107,"column":113}}]},"12":{"loc":{"start":{"line":107,"column":35},"end":{"line":107,"column":85}},"type":"binary-expr","locations":[{"start":{"line":107,"column":35},"end":{"line":107,"column":54}},{"start":{"line":107,"column":58},"end":{"line":107,"column":85}}]},"13":{"loc":{"start":{"line":108,"column":4},"end":{"line":110,"column":5}},"type":"if","locations":[{"start":{"line":108,"column":4},"end":{"line":110,"column":5}}]},"14":{"loc":{"start":{"line":108,"column":8},"end":{"line":108,"column":61}},"type":"binary-expr","locations":[{"start":{"line":108,"column":8},"end":{"line":108,"column":35}},{"start":{"line":108,"column":39},"end":{"line":108,"column":61}}]},"15":{"loc":{"start":{"line":109,"column":6},"end":{"line":109,"column":116}},"type":"if","locations":[{"start":{"line":109,"column":6},"end":{"line":109,"column":116}}]},"16":{"loc":{"start":{"line":112,"column":35},"end":{"line":112,"column":104}},"type":"cond-expr","locations":[{"start":{"line":112,"column":82},"end":{"line":112,"column":98}},{"start":{"line":112,"column":101},"end":{"line":112,"column":104}}]},"17":{"loc":{"start":{"line":112,"column":35},"end":{"line":112,"column":79}},"type":"binary-expr","locations":[{"start":{"line":112,"column":35},"end":{"line":112,"column":51}},{"start":{"line":112,"column":55},"end":{"line":112,"column":79}}]},"18":{"loc":{"start":{"line":113,"column":4},"end":{"line":115,"column":5}},"type":"if","locations":[{"start":{"line":113,"column":4},"end":{"line":115,"column":5}}]},"19":{"loc":{"start":{"line":113,"column":8},"end":{"line":113,"column":61}},"type":"binary-expr","locations":[{"start":{"line":113,"column":8},"end":{"line":113,"column":35}},{"start":{"line":113,"column":39},"end":{"line":113,"column":61}}]},"20":{"loc":{"start":{"line":114,"column":6},"end":{"line":114,"column":108}},"type":"if","locations":[{"start":{"line":114,"column":6},"end":{"line":114,"column":108}}]},"21":{"loc":{"start":{"line":117,"column":4},"end":{"line":122,"column":5}},"type":"if","locations":[{"start":{"line":117,"column":4},"end":{"line":122,"column":5}}]},"22":{"loc":{"start":{"line":118,"column":6},"end":{"line":120,"column":7}},"type":"if","locations":[{"start":{"line":118,"column":6},"end":{"line":120,"column":7}}]},"23":{"loc":{"start":{"line":118,"column":10},"end":{"line":118,"column":88}},"type":"binary-expr","locations":[{"start":{"line":118,"column":10},"end":{"line":118,"column":39}},{"start":{"line":118,"column":43},"end":{"line":118,"column":71}},{"start":{"line":118,"column":75},"end":{"line":118,"column":88}}]},"24":{"loc":{"start":{"line":124,"column":4},"end":{"line":129,"column":5}},"type":"if","locations":[{"start":{"line":124,"column":4},"end":{"line":129,"column":5}}]},"25":{"loc":{"start":{"line":125,"column":6},"end":{"line":127,"column":7}},"type":"if","locations":[{"start":{"line":125,"column":6},"end":{"line":127,"column":7}}]},"26":{"loc":{"start":{"line":125,"column":10},"end":{"line":125,"column":82}},"type":"binary-expr","locations":[{"start":{"line":125,"column":10},"end":{"line":125,"column":37}},{"start":{"line":125,"column":41},"end":{"line":125,"column":67}},{"start":{"line":125,"column":71},"end":{"line":125,"column":82}}]},"27":{"loc":{"start":{"line":151,"column":4},"end":{"line":151,"column":51}},"type":"if","locations":[{"start":{"line":151,"column":4},"end":{"line":151,"column":51}}]},"28":{"loc":{"start":{"line":153,"column":4},"end":{"line":153,"column":59}},"type":"if","locations":[{"start":{"line":153,"column":4},"end":{"line":153,"column":59}}]},"29":{"loc":{"start":{"line":154,"column":4},"end":{"line":156,"column":5}},"type":"if","locations":[{"start":{"line":154,"column":4},"end":{"line":156,"column":5}}]},"30":{"loc":{"start":{"line":157,"column":4},"end":{"line":159,"column":5}},"type":"if","locations":[{"start":{"line":157,"column":4},"end":{"line":159,"column":5}}]},"31":{"loc":{"start":{"line":163,"column":49},"end":{"line":163,"column":57}},"type":"binary-expr","locations":[{"start":{"line":163,"column":49},"end":{"line":163,"column":51}},{"start":{"line":163,"column":55},"end":{"line":163,"column":57}}]}},"s":{"0":3,"1":3,"2":3,"3":3,"4":37,"5":21,"6":3,"7":5,"8":5,"9":5,"10":5,"11":1,"12":1,"13":1,"14":1,"15":4,"16":4,"17":4,"18":4,"19":4,"20":3,"21":5,"22":5,"23":5,"24":5,"25":5,"26":2,"27":2,"28":2,"29":2,"30":3,"31":3,"32":12,"33":3,"34":1,"35":2,"36":2,"37":2,"38":3,"39":17,"40":17,"41":17,"42":17,"43":17,"44":1,"45":16,"46":2,"47":14,"48":14,"49":1,"50":1,"51":1,"52":1,"53":13,"54":13,"55":13,"56":12,"57":1,"58":12,"59":12,"60":12,"61":11,"62":1,"63":11,"64":11,"65":2,"66":1,"67":1,"68":10,"69":10,"70":2,"71":1,"72":1,"73":9,"74":9,"75":9,"76":9,"77":9,"78":9,"79":9,"80":9,"81":3,"82":3,"83":3,"84":3,"85":14,"86":3,"87":0,"88":3,"89":3,"90":0,"91":3,"92":1,"93":2,"94":0,"95":2,"96":2,"97":2,"98":2,"99":2},"f":{"0":37,"1":21,"2":5,"3":5,"4":12,"5":17,"6":1,"7":3,"8":14},"b":{"0":[21,0],"1":[1],"2":[5,0],"3":[2],"4":[1],"5":[1],"6":[17,17],"7":[2],"8":[16,15],"9":[1],"10":[1,0],"11":[12,1],"12":[13,12],"13":[12],"14":[13,12],"15":[1],"16":[11,1],"17":[12,11],"18":[11],"19":[12,11],"20":[1],"21":[2],"22":[1],"23":[2,2,2],"24":[2],"25":[1],"26":[2,2,2],"27":[0],"28":[0],"29":[1],"30":[0],"31":[2,0]}}
}
