TN:
SF:src\app.ts
FN:22,createApp
FN:26,(anonymous_1)
FN:42,(anonymous_2)
FN:51,(anonymous_3)
FNF:4
FNH:4
FNDA:4,createApp
FNDA:13,(anonymous_1)
FNDA:1,(anonymous_2)
FNDA:1,(anonymous_3)
DA:23,4
DA:26,4
DA:27,13
DA:28,13
DA:29,13
DA:30,13
DA:33,4
DA:34,4
DA:35,4
DA:36,4
DA:37,4
DA:39,4
DA:40,4
DA:42,4
DA:43,1
DA:50,4
DA:51,1
DA:52,1
DA:56,4
DA:57,4
DA:59,4
DA:62,2
LF:22
LH:22
BRDA:22,0,0,2
BRDA:33,1,0,4
BRDA:33,1,1,3
BRDA:50,2,0,1
BRF:4
BRH:4
end_of_record
TN:
SF:src\errors.ts
FN:11,(anonymous_0)
FN:26,requestIdMiddleware
FN:33,notFoundHandler
FN:37,normalizeExpressError
FN:56,errorHandler
FNF:5
FNH:5
FNDA:6,(anonymous_0)
FNDA:39,requestIdMiddleware
FNDA:1,notFoundHandler
FNDA:6,normalizeExpressError
FNDA:6,errorHandler
DA:18,6
DA:19,6
DA:20,6
DA:21,6
DA:22,6
DA:27,39
DA:28,39
DA:29,39
DA:30,39
DA:34,1
DA:38,6
DA:40,6
DA:41,1
DA:43,5
DA:44,2
DA:46,3
DA:49,2
DA:50,1
DA:53,1
DA:62,6
DA:63,6
DA:65,6
DA:75,6
DA:76,1
DA:78,5
DA:81,6
DA:87,6
DA:88,0
DA:91,6
LF:29
LH:28
BRDA:16,0,0,4
BRDA:27,1,0,39
BRDA:27,1,1,39
BRDA:40,2,0,1
BRDA:43,3,0,2
BRDA:43,4,0,5
BRDA:43,4,1,3
BRDA:46,5,0,1
BRDA:49,6,0,1
BRDA:71,7,0,6
BRDA:71,7,1,0
BRDA:75,8,0,1
BRDA:75,8,1,5
BRDA:87,9,0,0
BRF:14
BRH:12
end_of_record
TN:
SF:src\config\env.ts
FN:56,(anonymous_0)
FN:65,parseIntEnv
FN:87,parseBoolEnv
FN:95,requireEnv
FN:106,validateUrl
FN:119,loadConfig
FN:194,getConfig
FN:205,initializeConfig
FN:217,resetConfig
FNF:9
FNH:9
FNDA:15,(anonymous_0)
FNDA:75,parseIntEnv
FNDA:64,parseBoolEnv
FNDA:31,requireEnv
FNDA:72,validateUrl
FNDA:30,loadConfig
FNDA:2,getConfig
FNDA:4,initializeConfig
FNDA:63,resetConfig
DA:57,15
DA:58,15
DA:66,75
DA:68,9
DA:69,9
DA:70,2
DA:73,7
DA:74,2
DA:77,5
DA:78,1
DA:81,4
DA:88,64
DA:89,2
DA:96,31
DA:97,31
DA:98,3
DA:100,28
DA:107,72
DA:108,72
DA:109,69
DA:111,3
DA:120,30
DA:123,30
DA:125,30
DA:129,27
DA:130,27
DA:138,26
DA:140,25
DA:141,3
DA:142,2
DA:145,1
DA:149,23
DA:150,1
DA:153,22
DA:155,22
DA:182,16
DA:188,1
DA:195,2
DA:196,1
DA:198,1
DA:206,4
DA:207,1
DA:210,3
DA:211,2
DA:218,63
LF:45
LH:45
BRDA:66,0,0,66
BRDA:69,1,0,2
BRDA:73,2,0,2
BRDA:73,3,0,7
BRDA:73,3,1,7
BRDA:77,4,0,1
BRDA:77,5,0,5
BRDA:77,5,1,5
BRDA:88,6,0,62
BRDA:89,7,0,2
BRDA:89,7,1,1
BRDA:97,8,0,3
BRDA:120,9,0,30
BRDA:120,9,1,0
BRDA:125,10,0,5
BRDA:125,10,1,25
BRDA:127,11,0,25
BRDA:127,11,1,24
BRDA:129,12,0,27
BRDA:129,12,1,26
BRDA:131,13,0,27
BRDA:131,13,1,26
BRDA:140,14,0,3
BRDA:141,15,0,2
BRDA:149,16,0,1
BRDA:153,17,0,22
BRDA:153,17,1,21
BRDA:171,18,0,16
BRDA:171,18,1,16
BRDA:173,19,0,16
BRDA:173,19,1,15
BRDA:195,20,0,1
BRDA:206,21,0,1
BRF:33
BRH:32
end_of_record
TN:
SF:src\config\health.ts
FN:43,(anonymous_0)
FN:51,(anonymous_1)
FN:63,(anonymous_2)
FN:65,(anonymous_3)
FN:84,(anonymous_4)
FN:120,(anonymous_5)
FN:121,(anonymous_6)
FN:137,(anonymous_7)
FN:155,createDatabaseHealthChecker
FN:158,(anonymous_9)
FN:169,createRedisHealthChecker
FN:172,(anonymous_11)
FN:175,(anonymous_12)
FN:193,createHorizonHealthChecker
FN:196,(anonymous_14)
FN:200,(anonymous_15)
FNF:16
FNH:15
FNDA:23,(anonymous_0)
FNDA:18,(anonymous_1)
FNDA:12,(anonymous_2)
FNDA:14,(anonymous_3)
FNDA:14,(anonymous_4)
FNDA:16,(anonymous_5)
FNDA:19,(anonymous_6)
FNDA:4,(anonymous_7)
FNDA:1,createDatabaseHealthChecker
FNDA:1,(anonymous_9)
FNDA:5,createRedisHealthChecker
FNDA:5,(anonymous_11)
FNDA:1,(anonymous_12)
FNDA:2,createHorizonHealthChecker
FNDA:2,(anonymous_14)
FNDA:0,(anonymous_15)
DA:44,23
DA:45,23
DA:46,23
DA:52,18
DA:53,18
DA:64,12
DA:65,14
DA:68,12
DA:69,12
DA:70,12
DA:72,12
DA:85,14
DA:86,14
DA:87,14
DA:88,12
DA:90,12
DA:98,12
DA:99,12
DA:101,2
DA:102,2
DA:104,2
DA:112,2
DA:113,2
DA:121,19
DA:123,16
DA:124,5
DA:127,11
DA:128,0
DA:131,11
DA:138,4
DA:139,4
DA:140,4
DA:142,4
DA:156,1
DA:161,1
DA:170,5
DA:173,5
DA:174,5
DA:175,5
DA:176,5
DA:177,3
DA:181,2
DA:194,2
DA:197,2
DA:198,2
DA:199,2
DA:200,2
DA:202,2
DA:203,2
DA:207,1
DA:209,1
DA:210,0
DA:216,1
DA:218,2
DA:221,1
LF:55
LH:53
BRDA:92,0,0,3
BRDA:92,0,1,9
BRDA:102,1,0,1
BRDA:102,1,1,1
BRDA:123,2,0,5
BRDA:127,3,0,0
BRDA:175,4,0,5
BRDA:175,4,1,1
BRDA:177,5,0,1
BRDA:177,5,1,2
BRDA:183,6,0,1
BRDA:183,6,1,1
BRDA:209,7,0,0
BRDA:223,8,0,0
BRDA:223,8,1,1
BRF:15
BRH:12
end_of_record
TN:
SF:src\config\logger.ts
FN:40,(anonymous_0)
FN:47,(anonymous_1)
FN:54,(anonymous_2)
FN:72,(anonymous_3)
FN:79,(anonymous_4)
FN:86,(anonymous_5)
FN:93,(anonymous_6)
FN:114,(anonymous_7)
FN:121,(anonymous_8)
FN:130,(anonymous_9)
FN:135,(anonymous_10)
FN:139,(anonymous_11)
FN:143,(anonymous_12)
FN:147,(anonymous_13)
FN:160,initializeLogger
FN:172,getLogger
FN:182,resetLogger
FNF:17
FNH:15
FNDA:24,(anonymous_0)
FNDA:19,(anonymous_1)
FNDA:19,(anonymous_2)
FNDA:4,(anonymous_3)
FNDA:9,(anonymous_4)
FNDA:2,(anonymous_5)
FNDA:4,(anonymous_6)
FNDA:5,(anonymous_7)
FNDA:1,(anonymous_8)
FNDA:5,(anonymous_9)
FNDA:0,(anonymous_10)
FNDA:3,(anonymous_11)
FNDA:0,(anonymous_12)
FNDA:1,(anonymous_13)
FNDA:5,initializeLogger
FNDA:3,getLogger
FNDA:48,resetLogger
DA:33,24
DA:41,24
DA:48,19
DA:55,19
DA:56,3
DA:59,16
DA:65,16
DA:66,16
DA:73,4
DA:80,9
DA:87,2
DA:94,4
DA:102,4
DA:115,5
DA:122,1
DA:131,5
DA:132,5
DA:136,0
DA:140,3
DA:144,0
DA:148,1
DA:155,1
DA:161,5
DA:162,1
DA:165,4
DA:166,4
DA:173,3
DA:174,2
DA:176,3
DA:183,48
LF:30
LH:28
BRDA:40,0,0,1
BRDA:55,1,0,3
BRDA:65,2,0,4
BRDA:65,2,1,12
BRDA:65,3,0,2
BRDA:65,3,1,10
BRDA:73,4,0,0
BRDA:73,4,1,4
BRDA:80,5,0,4
BRDA:80,5,1,5
BRDA:87,6,0,0
BRDA:87,6,1,2
BRDA:94,7,0,2
BRDA:94,7,1,2
BRDA:98,8,0,2
BRDA:98,8,1,0
BRDA:106,9,0,1
BRDA:106,9,1,3
BRDA:107,10,0,2
BRDA:107,10,1,2
BRDA:160,11,0,0
BRDA:161,12,0,1
BRDA:173,13,0,2
BRF:23
BRH:19
end_of_record
TN:
SF:src\config\validation.ts
FN:14,(anonymous_0)
FN:27,validateStellarAddress
FN:47,validateAmount
FN:86,validateRatePerSecond
FN:113,validateTimestamp
FN:146,validateCreateStreamRequest
FN:186,validateStreamId
FNF:7
FNH:7
FNDA:21,(anonymous_0)
FNDA:14,validateStellarAddress
FNDA:11,validateAmount
FNDA:7,validateRatePerSecond
FNDA:8,validateTimestamp
FNDA:5,validateCreateStreamRequest
FNDA:4,validateStreamId
DA:16,21
DA:17,21
DA:19,21
DA:20,21
DA:28,14
DA:29,2
DA:33,12
DA:34,3
DA:41,9
DA:48,11
DA:50,11
DA:51,1
DA:55,10
DA:56,2
DA:63,8
DA:66,8
DA:67,1
DA:71,7
DA:72,7
DA:73,1
DA:80,6
DA:87,7
DA:89,7
DA:90,0
DA:93,7
DA:94,2
DA:101,5
DA:103,5
DA:104,1
DA:107,4
DA:114,8
DA:116,8
DA:117,1
DA:121,7
DA:122,7
DA:124,7
DA:125,1
DA:132,6
DA:147,5
DA:148,1
DA:151,4
DA:153,4
DA:154,4
DA:156,4
DA:157,1
DA:160,3
DA:161,3
DA:162,3
DA:165,3
DA:166,3
DA:168,3
DA:169,1
DA:174,2
DA:187,4
DA:188,1
DA:191,3
DA:192,2
DA:199,1
LF:58
LH:57
BRDA:27,0,0,6
BRDA:28,1,0,2
BRDA:28,2,0,14
BRDA:28,2,1,12
BRDA:33,3,0,3
BRDA:47,4,0,8
BRDA:50,5,0,1
BRDA:55,6,0,2
BRDA:66,7,0,1
BRDA:72,8,0,1
BRDA:86,9,0,4
BRDA:89,10,0,0
BRDA:93,11,0,2
BRDA:103,12,0,1
BRDA:113,13,0,5
BRDA:114,14,0,2
BRDA:114,14,1,6
BRDA:116,15,0,1
BRDA:124,16,0,1
BRDA:147,17,0,1
BRDA:147,18,0,5
BRDA:147,18,1,5
BRDA:153,19,0,4
BRDA:153,19,1,0
BRDA:154,20,0,4
BRDA:154,20,1,0
BRDA:156,21,0,1
BRDA:160,22,0,3
BRDA:160,22,1,0
BRDA:161,23,0,3
BRDA:161,23,1,0
BRDA:162,24,0,3
BRDA:162,24,1,0
BRDA:168,25,0,1
BRDA:186,26,0,4
BRDA:187,27,0,1
BRDA:187,28,0,4
BRDA:187,28,1,3
BRDA:191,29,0,2
BRF:39
BRH:33
end_of_record
TN:
SF:src\indexer\stall.ts
FN:27,toTimestamp
FN:35,assessIndexerHealth
FNF:2
FNH:2
FNDA:14,toTimestamp
FNDA:15,assessIndexerHealth
DA:1,3
DA:28,14
DA:29,11
DA:31,6
DA:32,6
DA:38,15
DA:39,15
DA:41,15
DA:42,7
DA:54,8
DA:55,1
DA:67,7
DA:68,7
DA:70,7
DA:71,1
DA:83,6
DA:84,6
DA:86,6
DA:87,1
DA:99,5
LF:20
LH:20
BRDA:28,0,0,3
BRDA:29,1,0,5
BRDA:32,2,0,2
BRDA:32,2,1,4
BRDA:36,3,0,0
BRDA:38,4,0,15
BRDA:38,4,1,10
BRDA:39,5,0,15
BRDA:39,5,1,0
BRDA:41,6,0,7
BRDA:54,7,0,1
BRDA:68,8,0,7
BRDA:68,8,1,1
BRDA:68,9,0,7
BRDA:68,9,1,4
BRDA:70,10,0,1
BRDA:86,11,0,1
BRF:17
BRH:15
end_of_record
TN:
SF:src\lib\logger.ts
FN:22,write
FN:41,(anonymous_1)
FN:44,(anonymous_2)
FN:47,(anonymous_3)
FN:50,(anonymous_4)
FNF:5
FNH:5
FNDA:36,write
FNDA:1,(anonymous_1)
FNDA:26,(anonymous_2)
FNDA:8,(anonymous_3)
FNDA:1,(anonymous_4)
DA:25,36
DA:32,36
DA:33,36
DA:34,1
DA:36,35
DA:40,7
DA:42,1
DA:45,26
DA:48,8
DA:51,1
LF:10
LH:10
BRDA:30,0,0,29
BRDA:30,0,1,7
BRDA:33,1,0,1
BRDA:33,1,1,35
BRF:4
BRH:4
end_of_record
TN:
SF:src\middleware\correlationId.ts
FN:24,correlationIdMiddleware
FNF:1
FNH:1
FNDA:46,correlationIdMiddleware
DA:22,4
DA:25,46
DA:27,46
DA:31,46
DA:32,46
DA:33,46
LF:6
LH:6
BRDA:27,0,0,1
BRDA:27,0,1,45
BRDA:27,1,0,46
BRDA:27,1,1,1
BRF:4
BRH:4
end_of_record
TN:
SF:src\middleware\errorHandler.ts
FN:9,(anonymous_0)
FN:20,(anonymous_1)
FN:31,errorHandler
FN:48,asyncHandler
FN:49,(anonymous_4)
FN:52,notFound
FN:56,validationError
FN:60,conflictError
FN:64,serviceUnavailable
FNF:9
FNH:9
FNDA:4,(anonymous_0)
FNDA:22,(anonymous_1)
FNDA:16,errorHandler
FNDA:19,asyncHandler
FNDA:37,(anonymous_4)
FNDA:3,notFound
FNDA:9,validationError
FNDA:2,conflictError
FNDA:1,serviceUnavailable
DA:9,4
DA:10,4
DA:11,4
DA:12,4
DA:13,4
DA:14,4
DA:15,4
DA:16,4
DA:21,22
DA:23,22
DA:24,22
DA:26,22
DA:27,22
DA:32,16
DA:33,16
DA:34,2
DA:35,2
DA:36,2
DA:38,14
DA:39,12
DA:40,12
DA:41,12
DA:43,2
DA:44,2
DA:45,2
DA:49,37
DA:53,3
DA:57,9
DA:61,2
DA:65,1
LF:30
LH:30
BRDA:9,0,0,4
BRDA:9,0,1,4
BRDA:23,1,0,0
BRDA:33,2,0,2
BRDA:34,3,0,2
BRDA:34,3,1,1
BRDA:38,4,0,12
BRDA:43,5,0,1
BRDA:43,5,1,1
BRDA:53,6,0,2
BRDA:53,6,1,1
BRF:11
BRH:10
end_of_record
TN:
SF:src\middleware\idempotency.ts
FN:37,buildIdempotencyKey
FN:46,idempotencyMiddleware
FN:77,(anonymous_2)
FN:99,(anonymous_3)
FN:104,(anonymous_4)
FNF:5
FNH:5
FNDA:9,buildIdempotencyKey
FNDA:13,idempotencyMiddleware
FNDA:9,(anonymous_2)
FNDA:8,(anonymous_3)
FNDA:1,(anonymous_4)
DA:28,3
DA:29,3
DA:30,3
DA:38,9
DA:51,13
DA:54,13
DA:55,2
DA:56,2
DA:59,11
DA:61,11
DA:62,2
DA:70,2
DA:73,9
DA:74,9
DA:77,9
DA:78,9
DA:79,9
DA:81,8
DA:82,1
DA:86,1
DA:87,1
DA:88,1
DA:92,1
DA:98,8
DA:99,8
DA:101,8
DA:102,6
DA:105,1
DA:111,8
DA:114,8
LF:30
LH:30
BRDA:54,0,0,2
BRDA:59,1,0,0
BRDA:59,1,1,11
BRDA:61,2,0,2
BRDA:61,3,0,11
BRDA:61,3,1,11
BRDA:81,4,0,1
BRDA:93,5,0,1
BRDA:93,5,1,0
BRDA:101,6,0,6
BRDA:101,7,0,8
BRDA:101,7,1,8
BRDA:107,8,0,1
BRDA:107,8,1,0
BRF:14
BRH:11
end_of_record
TN:
SF:src\middleware\rateLimit.ts
FN:43,getClientIp
FN:57,buildKey
FN:68,createRateLimiter
FN:71,rateLimitMiddleware
FNF:4
FNH:4
FNDA:17,getClientIp
FNDA:17,buildKey
FNDA:14,createRateLimiter
FNDA:17,rateLimitMiddleware
DA:34,3
DA:44,17
DA:45,17
DA:46,3
DA:58,17
DA:59,17
DA:69,14
DA:71,14
DA:76,17
DA:77,17
DA:78,17
DA:80,17
DA:81,17
DA:82,16
DA:84,16
DA:85,4
DA:86,4
DA:87,4
DA:88,4
DA:89,4
DA:91,4
DA:93,4
DA:101,4
DA:105,12
DA:107,12
DA:108,12
DA:109,12
DA:112,1
DA:117,13
LF:29
LH:29
BRDA:45,0,0,3
BRDA:68,1,0,0
BRDA:78,2,0,17
BRDA:78,2,1,0
BRDA:82,3,0,16
BRDA:82,3,1,12
BRDA:84,4,0,4
BRDA:113,5,0,1
BRDA:113,5,1,0
BRF:9
BRH:6
end_of_record
TN:
SF:src\middleware\requestLogger.ts
FN:14,requestLoggerMiddleware
FN:24,(anonymous_1)
FNF:2
FNH:2
FNDA:10,requestLoggerMiddleware
FNDA:10,(anonymous_1)
DA:15,10
DA:16,10
DA:18,10
DA:24,10
DA:25,10
DA:33,10
LF:6
LH:6
BRF:0
BRH:0
end_of_record
TN:
SF:src\routes\health.ts
FN:17,(anonymous_0)
FNF:1
FNH:1
FNDA:6,(anonymous_0)
DA:6,2
DA:17,2
DA:18,6
DA:19,6
DA:22,6
DA:23,6
DA:24,6
DA:26,6
DA:28,6
LF:9
LH:9
BRDA:19,0,0,6
BRDA:19,0,1,6
BRDA:24,1,0,5
BRDA:24,1,1,1
BRDA:26,2,0,0
BRDA:26,2,1,6
BRF:6
BRH:5
end_of_record
TN:
SF:src\routes\streams.ts
FN:28,setStreamsCache
FN:32,getCache
FN:38,(anonymous_2)
FN:58,(anonymous_3)
FN:70,(anonymous_4)
FN:80,(anonymous_5)
FN:103,(anonymous_6)
FN:147,(anonymous_7)
FN:150,(anonymous_8)
FNF:9
FNH:9
FNDA:37,setStreamsCache
FNDA:21,getCache
FNDA:5,(anonymous_2)
FNDA:5,(anonymous_3)
FNDA:12,(anonymous_4)
FNDA:17,(anonymous_5)
FNDA:1,(anonymous_6)
FNDA:3,(anonymous_7)
FNDA:14,(anonymous_8)
DA:8,3
DA:10,3
DA:23,3
DA:25,3
DA:29,37
DA:33,21
DA:36,3
DA:39,5
DA:40,5
DA:41,5
DA:42,5
DA:43,1
DA:44,1
DA:45,1
DA:46,1
DA:48,4
DA:49,4
DA:50,4
DA:51,4
DA:52,4
DA:56,3
DA:59,5
DA:60,5
DA:61,5
DA:62,5
DA:63,5
DA:64,2
DA:65,2
DA:66,2
DA:67,2
DA:69,3
DA:70,12
DA:71,3
DA:72,2
DA:73,2
DA:74,2
DA:78,3
DA:81,17
DA:82,17
DA:83,17
DA:84,17
DA:85,17
DA:86,1
DA:88,16
DA:89,2
DA:91,14
DA:95,14
DA:96,1
DA:97,1
DA:99,1
DA:103,1
DA:106,13
DA:107,13
DA:108,13
DA:109,12
DA:111,12
DA:112,12
DA:113,12
DA:114,11
DA:116,11
DA:117,11
DA:118,2
DA:119,1
DA:121,1
DA:123,10
DA:124,10
DA:125,2
DA:126,1
DA:128,1
DA:130,9
DA:131,9
DA:136,9
DA:137,9
DA:138,9
DA:139,9
DA:140,9
DA:141,9
DA:145,3
DA:148,3
DA:149,3
DA:150,14
DA:151,3
DA:152,3
DA:153,3
DA:154,3
DA:155,1
DA:157,2
DA:158,0
DA:160,2
DA:161,2
DA:162,2
DA:163,2
DA:164,2
LF:93
LH:92
BRDA:33,0,0,21
BRDA:33,0,1,0
BRDA:42,1,0,1
BRDA:61,2,0,5
BRDA:61,2,1,0
BRDA:63,3,0,2
BRDA:71,4,0,1
BRDA:85,5,0,1
BRDA:85,6,0,17
BRDA:85,6,1,17
BRDA:88,7,0,2
BRDA:88,8,0,16
BRDA:88,8,1,15
BRDA:95,9,0,1
BRDA:97,10,0,1
BRDA:97,10,1,0
BRDA:107,11,0,12
BRDA:107,11,1,1
BRDA:107,12,0,13
BRDA:107,12,1,12
BRDA:108,13,0,12
BRDA:108,14,0,13
BRDA:108,14,1,12
BRDA:109,15,0,1
BRDA:112,16,0,11
BRDA:112,16,1,1
BRDA:112,17,0,12
BRDA:112,17,1,11
BRDA:113,18,0,11
BRDA:113,19,0,12
BRDA:113,19,1,11
BRDA:114,20,0,1
BRDA:117,21,0,2
BRDA:118,22,0,1
BRDA:118,23,0,2
BRDA:118,23,1,2
BRDA:118,23,2,2
BRDA:124,24,0,2
BRDA:125,25,0,1
BRDA:125,26,0,2
BRDA:125,26,1,2
BRDA:125,26,2,2
BRDA:151,27,0,0
BRDA:153,28,0,0
BRDA:154,29,0,1
BRDA:157,30,0,0
BRDA:163,31,0,2
BRDA:163,31,1,0
BRF:48
BRH:41
end_of_record
